<?xml version="1.0" encoding="UTF-8"?>
<!-- Generated by org.testng.reporters.JUnitXMLReporter -->
<testsuite ignored="0" hostname="DESKTOP-A0EAS6T" failures="1" tests="8" name="Surefire test" time="95.74" errors="0" timestamp="2025-12-12T11:24:58 EST">
  <testcase classname="Ecommerce.LoginErrorValidationTest" name="loginErrorValidationTest" time="0.977"/>
  <testcase classname="Ecommerce.LoginErrorValidationTest" name="loginErrorValidationTest" time="0.249"/>
  <testcase classname="Ecommerce.LoginErrorValidationTest" name="loginErrorValidationTest" time="0.258"/>
  <testcase classname="Ecommerce.ProductErrorValidationTest" name="productErrorValidationTest" time="4.293"/>
  <testcase classname="Ecommerce.ScreenShootLoginErrorValidationTest" name="loginErrorValidationTest" time="0.325">
    <skipped/>
  </testcase> <!-- loginErrorValidationTest -->
  <testcase classname="Ecommerce.ScreenShootLoginErrorValidationTest" name="loginErrorValidationTest" time="0.243">
    <skipped/>
  </testcase> <!-- loginErrorValidationTest -->
  <testcase classname="Ecommerce.ScreenShootLoginErrorValidationTest" name="loginErrorValidationTest" time="0.268">
    <failure type="java.lang.AssertionError" message="expected [We forsely fail the funtion to take the screenshot] but found [*Enter Valid Email]">
      <![CDATA[java.lang.AssertionError: expected [We forsely fail the funtion to take the screenshot] but found [*Enter Valid Email]
at Ecommerce.ScreenShootLoginErrorValidationTest.loginErrorValidationTest(ScreenShootLoginErrorValidationTest.java:76)
at java.base/java.util.ArrayList.forEach(ArrayList.java:1597)
... Removed 36 stack frames]]>
    </failure>
  </testcase> <!-- loginErrorValidationTest -->
  <testcase classname="Ecommerce.StandAloneTest" name="submitOrderTest" time="5.792"/>
</testsuite> <!-- Surefire test -->
