<?xml version="1.0" encoding="UTF-8"?>
<!-- Generated by org.testng.reporters.JUnitXMLReporter -->
<testsuite ignored="0" hostname="DESKTOP-A0EAS6T" failures="0" tests="3" name="Default test" time="21.767" errors="0" timestamp="2025-12-12T09:01:51 EST">
  <testcase classname="Ecommerce.LoginErrorValidationTest" name="loginErrorValidationTest" time="1.037"/>
  <testcase classname="Ecommerce.LoginErrorValidationTest" name="loginErrorValidationTest" time="0.427"/>
  <testcase classname="Ecommerce.LoginErrorValidationTest" name="loginErrorValidationTest" time="0.434"/>
</testsuite> <!-- Default test -->
