<?xml version="1.0" encoding="UTF-8"?>
<!-- Generated by org.testng.reporters.JUnitXMLReporter -->
<testsuite ignored="0" hostname="DESKTOP-A0EAS6T" failures="0" tests="3" name="ErrorValidation" time="24.991" errors="0" timestamp="2025-12-12T09:58:38 EST">
  <testcase classname="Ecommerce.LoginErrorValidationTest" name="loginErrorValidationTest" time="1.037"/>
  <testcase classname="Ecommerce.LoginErrorValidationTest" name="loginErrorValidationTest" time="0.429"/>
  <testcase classname="Ecommerce.LoginErrorValidationTest" name="loginErrorValidationTest" time="0.518"/>
</testsuite> <!-- ErrorValidation -->
