<?xml version="1.0" encoding="UTF-8"?>
<!-- Generated by org.testng.reporters.JUnitXMLReporter -->
<testsuite ignored="0" hostname="DESKTOP-A0EAS6T" failures="0" tests="4" name="ErrorValidation" time="36.01" errors="0" timestamp="2025-12-12T12:04:29 EST">
  <testcase classname="Ecommerce.LoginErrorValidationTest" name="loginErrorValidationTest" time="1.215"/>
  <testcase classname="Ecommerce.LoginErrorValidationTest" name="loginErrorValidationTest" time="0.721"/>
  <testcase classname="Ecommerce.LoginErrorValidationTest" name="loginErrorValidationTest" time="0.399"/>
  <testcase classname="Ecommerce.ProductErrorValidationTest" name="productErrorValidationTest" time="4.724"/>
</testsuite> <!-- ErrorValidation -->
