<?xml version="1.0" encoding="UTF-8"?>
<!-- Generated by org.testng.reporters.JUnitXMLReporter -->
<testsuite ignored="0" hostname="DESKTOP-A0EAS6T" failures="1" tests="3" name="ScreenShootTest" time="23.984" errors="0" timestamp="2025-12-12T12:04:17 EST">
  <testcase classname="Ecommerce.ScreenShootLoginErrorValidationTest" name="loginErrorValidationTest" time="0.67">
    <skipped/>
  </testcase> <!-- loginErrorValidationTest -->
  <testcase classname="Ecommerce.ScreenShootLoginErrorValidationTest" name="loginErrorValidationTest" time="0.449">
    <skipped/>
  </testcase> <!-- loginErrorValidationTest -->
  <testcase classname="Ecommerce.ScreenShootLoginErrorValidationTest" name="loginErrorValidationTest" time="0.443">
    <failure type="java.lang.AssertionError" message="expected [We forsely fail the funtion to take the screenshot] but found [*Enter Valid Email]">
      <![CDATA[java.lang.AssertionError: expected [We forsely fail the funtion to take the screenshot] but found [*Enter Valid Email]
at Ecommerce.ScreenShootLoginErrorValidationTest.loginErrorValidationTest(ScreenShootLoginErrorValidationTest.java:76)
at java.base/java.util.ArrayList.forEach(ArrayList.java:1596)
at java.base/java.util.concurrent.FutureTask.run(FutureTask.java:317)
at java.base/java.util.concurrent.ThreadPoolExecutor.runWorker(ThreadPoolExecutor.java:1144)
at java.base/java.util.concurrent.ThreadPoolExecutor$Worker.run(ThreadPoolExecutor.java:642)
at java.base/java.lang.Thread.run(Thread.java:1583)
... Removed 21 stack frames]]>
    </failure>
  </testcase> <!-- loginErrorValidationTest -->
</testsuite> <!-- ScreenShootTest -->
