<?xml version="1.0" encoding="UTF-8"?>
<!-- Generated by org.testng.reporters.JUnitXMLReporter -->
<testsuite ignored="0" hostname="DESKTOP-A0EAS6T" failures="0" tests="4" name="ErrorValidation" time="40.559" errors="0" timestamp="2025-12-12T12:29:35 EST">
  <testcase classname="Ecommerce.LoginErrorValidationTest" name="loginErrorValidationTest" time="1.198"/>
  <testcase classname="Ecommerce.LoginErrorValidationTest" name="loginErrorValidationTest" time="0.387"/>
  <testcase classname="Ecommerce.LoginErrorValidationTest" name="loginErrorValidationTest" time="0.448"/>
  <testcase classname="Ecommerce.ProductErrorValidationTest" name="productErrorValidationTest" time="4.459"/>
</testsuite> <!-- ErrorValidation -->
