<?xml version="1.0" encoding="UTF-8"?>
<!-- Generated by org.testng.reporters.JUnitXMLReporter -->
<testsuite ignored="0" hostname="DESKTOP-A0EAS6T" failures="1" tests="3" name="ScreenShootTest" time="31.284" errors="0" timestamp="2025-12-12T12:29:25 EST">
  <testcase classname="Ecommerce.ScreenShootLoginErrorValidationTest" name="loginErrorValidationTest" time="0.604">
    <skipped/>
  </testcase> <!-- loginErrorValidationTest -->
  <testcase classname="Ecommerce.ScreenShootLoginErrorValidationTest" name="loginErrorValidationTest" time="0.441">
    <skipped/>
  </testcase> <!-- loginErrorValidationTest -->
  <testcase classname="Ecommerce.ScreenShootLoginErrorValidationTest" name="loginErrorValidationTest" time="0.423">
    <failure type="java.lang.AssertionError" message="expected [We forsely fail the funtion to take the screenshot] but found [*Enter Valid Email]">
      <![CDATA[java.lang.AssertionError: expected [We forsely fail the funtion to take the screenshot] but found [*Enter Valid Email]
at Ecommerce.ScreenShootLoginErrorValidationTest.loginErrorValidationTest(ScreenShootLoginErrorValidationTest.java:76)
at java.base/java.util.ArrayList.forEach(ArrayList.java:1597)
at java.base/java.util.concurrent.FutureTask.run(FutureTask.java:317)
at java.base/java.util.concurrent.ThreadPoolExecutor.runWorker(ThreadPoolExecutor.java:1144)
at java.base/java.util.concurrent.ThreadPoolExecutor$Worker.run(ThreadPoolExecutor.java:642)
at java.base/java.lang.Thread.run(Thread.java:1575)
... Removed 21 stack frames]]>
    </failure>
  </testcase> <!-- loginErrorValidationTest -->
</testsuite> <!-- ScreenShootTest -->
