<?xml version="1.0" encoding="UTF-8"?>
<testsuite xmlns:xsi="http://www.w3.org/2001/XMLSchema-instance" xsi:noNamespaceSchemaLocation="https://maven.apache.org/surefire/maven-surefire-plugin/xsd/surefire-test-report.xsd" version="3.0.2" name="TestSuite" time="42.803" tests="8" errors="0" skipped="2" failures="1">
  <properties>
[...]
</properties>
  <testcase name="loginErrorValidationTest[{userPassword=SomePassword123, userEmail=invalidEmailFormat, expectedError=*Enter Valid Email, errorType=textbox}](1)" classname="Ecommerce.ScreenShootLoginErrorValidationTest" time="0.0">
    <skipped message="expected [We forsely fail the funtion to take the screenshot] but found [*Enter Valid Email]"/>
    <system-out><![CDATA[12:28:54 [TestNG-tests-2] INFO  Ecommerce.TestComponents.BaseTest - Loading test data from JSON file: C:\Users\Basharmal Safi\eclipse-workspace\Ecommerce-SFD//src//main//resources//JSonData
12:28:54 [TestNG-tests-3] INFO  Ecommerce.TestComponents.BaseTest - Loading test data from JSON file: C:\Users\Basharmal Safi\eclipse-workspace\Ecommerce-SFD//src//main//resources//JSonData
12:28:54 [TestNG-tests-1] INFO  Ecommerce.TestComponents.BaseTest - Initializing WebDriver for browser: chromeheadless
12:28:55 [TestNG-tests-3] INFO  Ecommerce.TestComponents.BaseTest - Initializing WebDriver for browser: chromeheadless
12:28:55 [TestNG-tests-2] INFO  Ecommerce.TestComponents.BaseTest - Initializing WebDriver for browser: chromeheadless
12:28:55 [TestNG-tests-1] INFO  io.github.bonigarcia.wdm.WebDriverManager - Using chromedriver 143.0.7499.42 (resolved driver for Chrome 143)
12:28:55 [TestNG-tests-3] INFO  io.github.bonigarcia.wdm.WebDriverManager - Using chromedriver 143.0.7499.42 (resolved driver for Chrome 143)
12:28:55 [TestNG-tests-2] INFO  io.github.bonigarcia.wdm.WebDriverManager - Using chromedriver 143.0.7499.42 (resolved driver for Chrome 143)
12:28:55 [TestNG-tests-1] INFO  io.github.bonigarcia.wdm.WebDriverManager - Exporting webdriver.chrome.driver as C:\Users\Basharmal Safi\.cache\selenium\chromedriver\win64\143.0.7499.42\chromedriver.exe
12:28:55 [TestNG-tests-3] INFO  io.github.bonigarcia.wdm.WebDriverManager - Exporting webdriver.chrome.driver as C:\Users\Basharmal Safi\.cache\selenium\chromedriver\win64\143.0.7499.42\chromedriver.exe
12:28:55 [TestNG-tests-2] INFO  io.github.bonigarcia.wdm.WebDriverManager - Exporting webdriver.chrome.driver as C:\Users\Basharmal Safi\.cache\selenium\chromedriver\win64\143.0.7499.42\chromedriver.exe
12:28:57 [TestNG-tests-3] INFO  Ecommerce.TestComponents.BaseTest - Browser window maximized.
12:28:57 [TestNG-tests-1] INFO  Ecommerce.TestComponents.BaseTest - Browser window maximized.
12:28:57 [TestNG-tests-2] INFO  Ecommerce.TestComponents.BaseTest - Browser window maximized.
12:28:57 [TestNG-tests-1] INFO  Ecommerce.pageobjects.LoginPage - Navigating to login page...
12:28:57 [TestNG-tests-2] INFO  Ecommerce.pageobjects.LoginPage - Navigating to login page...
12:28:57 [TestNG-tests-3] INFO  Ecommerce.pageobjects.LoginPage - Navigating to login page...
12:29:07 [TestNG-tests-2] INFO  Ecommerce.pageobjects.LoginPage - Login page loaded successfully.
12:29:07 [TestNG-tests-2] INFO  Ecommerce.TestComponents.BaseTest - Application launched and navigated to LoginPage.
12:29:07 [TestNG-tests-2] INFO  Ecommerce.TestComponents.Listeners - Test started: loginErrorValidationTest
12:29:07 [TestNG-tests-2] INFO  Ecommerce.pageobjects.LoginPage - Starting login error validation test with email: 'usman.basharmal123@gmail.com'
12:29:07 [TestNG-tests-2] INFO  Ecommerce.pageobjects.LoginPage - Attempting login with user 'usman.basharmal123@gmail.com'
12:29:07 [TestNG-tests-3] INFO  Ecommerce.pageobjects.LoginPage - Login page loaded successfully.
12:29:07 [TestNG-tests-3] INFO  Ecommerce.TestComponents.BaseTest - Application launched and navigated to LoginPage.
12:29:07 [TestNG-tests-3] INFO  Ecommerce.TestComponents.Listeners - Test started: loginErrorValidationTest
12:29:07 [TestNG-tests-3] INFO  Ecommerce.pageobjects.LoginPage - Starting login error validation test with email: 'invalidEmailFormat'
12:29:07 [TestNG-tests-3] INFO  Ecommerce.pageobjects.LoginPage - Attempting login with user 'invalidEmailFormat'
12:29:07 [TestNG-tests-2] INFO  Ecommerce.AbstractComponent.BasePage - Typed 'usman.basharmal123@gmail.com' into element: By.id: userEmail
12:29:07 [TestNG-tests-3] INFO  Ecommerce.AbstractComponent.BasePage - Typed 'invalidEmailFormat' into element: By.id: userEmail
12:29:07 [TestNG-tests-1] INFO  Ecommerce.pageobjects.LoginPage - Login page loaded successfully.
12:29:07 [TestNG-tests-1] INFO  Ecommerce.TestComponents.BaseTest - Application launched and navigated to LoginPage.
12:29:07 [TestNG-tests-1] INFO  Ecommerce.TestComponents.Listeners - Test started: submitOrderTest
12:29:07 [TestNG-tests-1] INFO  Ecommerce.pageobjects.LoginPage - Attempting login with user 'usman.basharmal123@gmail.com'
12:29:07 [TestNG-tests-2] INFO  Ecommerce.AbstractComponent.BasePage - Typed '[PROTECTED]' into element: By.id: userPassword
12:29:07 [TestNG-tests-2] INFO  Ecommerce.AbstractComponent.BasePage - Clicking element: By.id: login
12:29:07 [TestNG-tests-3] INFO  Ecommerce.AbstractComponent.BasePage - Typed '[PROTECTED]' into element: By.id: userPassword
12:29:07 [TestNG-tests-3] INFO  Ecommerce.AbstractComponent.BasePage - Clicking element: By.id: login
12:29:08 [TestNG-tests-1] INFO  Ecommerce.AbstractComponent.BasePage - Typed 'usman.basharmal123@gmail.com' into element: By.id: userEmail
12:29:08 [TestNG-tests-2] INFO  Ecommerce.AbstractComponent.BasePage - Clicked element: By.id: login
12:29:08 [TestNG-tests-2] INFO  Ecommerce.pageobjects.LoginPage - Login button clicked for user 'usman.basharmal123@gmail.com'
12:29:08 [TestNG-tests-3] INFO  Ecommerce.AbstractComponent.BasePage - Clicked element: By.id: login
12:29:08 [TestNG-tests-3] INFO  Ecommerce.pageobjects.LoginPage - Login button clicked for user 'invalidEmailFormat'
12:29:08 [TestNG-tests-1] INFO  Ecommerce.AbstractComponent.BasePage - Typed '[PROTECTED]' into element: By.id: userPassword
12:29:08 [TestNG-tests-1] INFO  Ecommerce.AbstractComponent.BasePage - Clicking element: By.id: login
12:29:08 [TestNG-tests-3] INFO  Ecommerce.pageobjects.LoginPage - Captured error message: '*Enter Valid Email'
12:29:08 [TestNG-tests-3] INFO  Ecommerce.pageobjects.LoginPage - We forcelly fail the funtion to take the screenshot : '*Enter Valid Email'
]]></system-out>
    <system-err><![CDATA[Dec 12, 2025 12:28:57 PM org.openqa.selenium.devtools.CdpVersionFinder findNearestMatch
WARNING: Unable to find an exact match for CDP version 143, returning the closest version; found: 142; Please update to a Selenium version that supports CDP version 143
Dec 12, 2025 12:28:57 PM org.openqa.selenium.devtools.CdpVersionFinder findNearestMatch
WARNING: Unable to find an exact match for CDP version 143, returning the closest version; found: 142; Please update to a Selenium version that supports CDP version 143
Dec 12, 2025 12:28:57 PM org.openqa.selenium.devtools.CdpVersionFinder findNearestMatch
WARNING: Unable to find an exact match for CDP version 143, returning the closest version; found: 142; Please update to a Selenium version that supports CDP version 143
]]></system-err>
  </testcase>
  <testcase name="loginErrorValidationTest[{userPassword=SomePassword123, userEmail=invalidEmailFormat, expectedError=*Enter Valid Email, errorType=textbox}](2)" classname="Ecommerce.ScreenShootLoginErrorValidationTest" time="0.0">
    <skipped message="expected [We forsely fail the funtion to take the screenshot] but found [*Enter Valid Email]"/>
    <system-out><![CDATA[12:29:17 [TestNG-tests-3] INFO  Ecommerce.AbstractComponent.BasePage - Typed 'invalidEmailFormat' into element: By.id: userEmail
12:29:17 [TestNG-tests-3] INFO  Ecommerce.AbstractComponent.BasePage - Typed '[PROTECTED]' into element: By.id: userPassword
12:29:17 [TestNG-tests-3] INFO  Ecommerce.AbstractComponent.BasePage - Clicking element: By.id: login
12:29:17 [TestNG-tests-2] INFO  Ecommerce.TestComponents.BaseTest - Browser closed successfully after test execution.
12:29:17 [TestNG-tests-2] INFO  Ecommerce.TestComponents.BaseTest - Initializing WebDriver for browser: chromeheadless
12:29:17 [TestNG-tests-2] INFO  io.github.bonigarcia.wdm.WebDriverManager - Using chromedriver 143.0.7499.42 (resolved driver for Chrome 143)
12:29:17 [TestNG-tests-3] INFO  Ecommerce.AbstractComponent.BasePage - Clicked element: By.id: login
12:29:17 [TestNG-tests-3] INFO  Ecommerce.pageobjects.LoginPage - Login button clicked for user 'invalidEmailFormat'
12:29:17 [TestNG-tests-3] INFO  Ecommerce.pageobjects.LoginPage - Captured error message: '*Enter Valid Email'
12:29:17 [TestNG-tests-3] INFO  Ecommerce.pageobjects.LoginPage - We forcelly fail the funtion to take the screenshot : '*Enter Valid Email'
]]></system-out>
  </testcase>
  <testcase name="loginErrorValidationTest[{userPassword=SomePassword123, userEmail=invalidEmailFormat, expectedError=*Enter Valid Email, errorType=textbox}](3)" classname="Ecommerce.ScreenShootLoginErrorValidationTest" time="0.767">
    <failure message="expected [We forsely fail the funtion to take the screenshot] but found [*Enter Valid Email]" type="java.lang.AssertionError"><![CDATA[java.lang.AssertionError: expected [We forsely fail the funtion to take the screenshot] but found [*Enter Valid Email]
	at org.testng.Assert.fail(Assert.java:111)
	at org.testng.Assert.failNotEquals(Assert.java:1590)
	at org.testng.Assert.assertEqualsImpl(Assert.java:150)
	at org.testng.Assert.assertEquals(Assert.java:132)
	at org.testng.Assert.assertEquals(Assert.java:656)
	at org.testng.Assert.assertEquals(Assert.java:666)
	at Ecommerce.ScreenShootLoginErrorValidationTest.loginErrorValidationTest(ScreenShootLoginErrorValidationTest.java:76)
	at java.base/jdk.internal.reflect.DirectMethodHandleAccessor.invoke(DirectMethodHandleAccessor.java:103)
	at java.base/java.lang.reflect.Method.invoke(Method.java:580)
	at org.testng.internal.invokers.MethodInvocationHelper.invokeMethod(MethodInvocationHelper.java:141)
	at org.testng.internal.invokers.TestInvoker.invokeMethod(TestInvoker.java:687)
	at org.testng.internal.invokers.TestInvoker.retryFailed(TestInvoker.java:269)
	at org.testng.internal.invokers.MethodRunner.runInSequence(MethodRunner.java:76)
	at org.testng.internal.invokers.TestInvoker$MethodInvocationAgent.invoke(TestInvoker.java:995)
	at org.testng.internal.invokers.TestInvoker.invokeTestMethods(TestInvoker.java:203)
	at org.testng.internal.invokers.TestMethodWorker.invokeTestMethods(TestMethodWorker.java:154)
	at org.testng.internal.invokers.TestMethodWorker.run(TestMethodWorker.java:134)
	at java.base/java.util.ArrayList.forEach(ArrayList.java:1597)
	at org.testng.TestRunner.privateRun(TestRunner.java:741)
	at org.testng.TestRunner.run(TestRunner.java:616)
	at org.testng.SuiteRunner.runTest(SuiteRunner.java:421)
	at org.testng.SuiteRunner$SuiteWorker.run(SuiteRunner.java:463)
	at org.testng.internal.thread.ThreadUtil.lambda$execute$0(ThreadUtil.java:64)
	at java.base/java.util.concurrent.FutureTask.run(FutureTask.java:317)
	at java.base/java.util.concurrent.ThreadPoolExecutor.runWorker(ThreadPoolExecutor.java:1144)
	at java.base/java.util.concurrent.ThreadPoolExecutor$Worker.run(ThreadPoolExecutor.java:642)
	at java.base/java.lang.Thread.run(Thread.java:1575)
]]></failure>
    <system-out><![CDATA[12:29:24 [TestNG-tests-2] INFO  Ecommerce.TestComponents.BaseTest - Browser closed successfully after test execution.
12:29:24 [TestNG-tests-2] INFO  Ecommerce.TestComponents.BaseTest - Initializing WebDriver for browser: chromeheadless
12:29:24 [TestNG-tests-2] INFO  io.github.bonigarcia.wdm.WebDriverManager - Using chromedriver 143.0.7499.42 (resolved driver for Chrome 143)
12:29:24 [TestNG-tests-2] INFO  io.github.bonigarcia.wdm.WebDriverManager - Exporting webdriver.chrome.driver as C:\Users\Basharmal Safi\.cache\selenium\chromedriver\win64\143.0.7499.42\chromedriver.exe
12:29:24 [TestNG-tests-3] INFO  Ecommerce.pageobjects.LoginPage - Login page loaded successfully.
12:29:24 [TestNG-tests-3] INFO  Ecommerce.TestComponents.BaseTest - Application launched and navigated to LoginPage.
12:29:24 [TestNG-tests-3] INFO  Ecommerce.TestComponents.Listeners - Test started: loginErrorValidationTest
12:29:24 [TestNG-tests-3] INFO  Ecommerce.pageobjects.LoginPage - Starting login error validation test with email: 'invalidEmailFormat'
12:29:24 [TestNG-tests-3] INFO  Ecommerce.pageobjects.LoginPage - Attempting login with user 'invalidEmailFormat'
12:29:25 [TestNG-tests-3] INFO  Ecommerce.AbstractComponent.BasePage - Typed 'invalidEmailFormat' into element: By.id: userEmail
12:29:25 [TestNG-tests-2] INFO  Ecommerce.TestComponents.BaseTest - Browser window maximized.
12:29:25 [TestNG-tests-2] INFO  Ecommerce.pageobjects.LoginPage - Navigating to login page...
12:29:25 [TestNG-tests-3] INFO  Ecommerce.AbstractComponent.BasePage - Typed '[PROTECTED]' into element: By.id: userPassword
12:29:25 [TestNG-tests-3] INFO  Ecommerce.AbstractComponent.BasePage - Clicking element: By.id: login
12:29:25 [TestNG-tests-3] INFO  Ecommerce.AbstractComponent.BasePage - Clicked element: By.id: login
12:29:25 [TestNG-tests-3] INFO  Ecommerce.pageobjects.LoginPage - Login button clicked for user 'invalidEmailFormat'
12:29:25 [TestNG-tests-3] INFO  Ecommerce.pageobjects.LoginPage - Captured error message: '*Enter Valid Email'
12:29:25 [TestNG-tests-3] INFO  Ecommerce.pageobjects.LoginPage - We forcelly fail the funtion to take the screenshot : '*Enter Valid Email'
12:29:25 [TestNG-tests-3] ERROR Ecommerce.TestComponents.Listeners - Test failed: loginErrorValidationTest with exception expected [We forsely fail the funtion to take the screenshot] but found [*Enter Valid Email]
12:29:25 [TestNG-tests-3] INFO  Ecommerce.TestComponents.BaseTest - Screenshot saved at: C:\Users\Basharmal Safi\eclipse-workspace\Ecommerce-SFD//reports//screenshots//loginErrorValidationTest.png
12:29:25 [TestNG-tests-3] INFO  Ecommerce.TestComponents.Listeners - Screenshot captured and attached: screenshots/loginErrorValidationTest.png
]]></system-out>
    <system-err><![CDATA[Dec 12, 2025 12:29:25 PM org.openqa.selenium.devtools.CdpVersionFinder findNearestMatch
WARNING: Unable to find an exact match for CDP version 143, returning the closest version; found: 142; Please update to a Selenium version that supports CDP version 143
]]></system-err>
  </testcase>
  <testcase name="loginErrorValidationTest[{userPassword=R@hulshetty.123644444, userEmail=usman.basharmal123@gmail.com, expectedError=Incorrect email or password., errorType=flyinOut}](1)" classname="Ecommerce.LoginErrorValidationTest" time="0.847">
    <system-out><![CDATA[12:29:08 [TestNG-tests-1] INFO  Ecommerce.AbstractComponent.BasePage - Clicked element: By.id: login
12:29:08 [TestNG-tests-1] INFO  Ecommerce.pageobjects.LoginPage - Login button clicked for user 'usman.basharmal123@gmail.com'
12:29:08 [TestNG-tests-1] INFO  Ecommerce.pageobjects.ProductCatalogue - Attempting to add product 'ZARA COAT 3' to cart
12:29:08 [TestNG-tests-1] INFO  Ecommerce.pageobjects.ProductCatalogue - Fetching product list from catalogue page...
12:29:08 [TestNG-tests-3] INFO  Ecommerce.TestComponents.BaseTest - Browser closed successfully after test execution.
12:29:08 [TestNG-tests-3] INFO  Ecommerce.TestComponents.BaseTest - Initializing WebDriver for browser: chromeheadless
12:29:08 [TestNG-tests-3] INFO  io.github.bonigarcia.wdm.WebDriverManager - Using chromedriver 143.0.7499.42 (resolved driver for Chrome 143)
12:29:08 [TestNG-tests-3] INFO  io.github.bonigarcia.wdm.WebDriverManager - Exporting webdriver.chrome.driver as C:\Users\Basharmal Safi\.cache\selenium\chromedriver\win64\143.0.7499.42\chromedriver.exe
12:29:08 [TestNG-tests-2] INFO  Ecommerce.pageobjects.LoginPage - Captured error message: 'Incorrect email or password.'
12:29:08 [TestNG-tests-2] INFO  Ecommerce.TestComponents.Listeners - Test passed: loginErrorValidationTest
]]></system-out>
  </testcase>
  <testcase name="loginErrorValidationTest[{userPassword=, userEmail=, expectedError=*Email is required, errorType=textbox}](2)" classname="Ecommerce.LoginErrorValidationTest" time="0.079">
    <system-out><![CDATA[12:29:14 [TestNG-tests-1] INFO  Ecommerce.TestComponents.BaseTest - Browser closed successfully after test execution.
12:29:15 [TestNG-tests-1] INFO  Ecommerce.TestComponents.Listeners - All tests finished. Extent report flushed.
12:29:16 [TestNG-tests-2] INFO  Ecommerce.pageobjects.LoginPage - Login page loaded successfully.
12:29:16 [TestNG-tests-2] INFO  Ecommerce.TestComponents.BaseTest - Application launched and navigated to LoginPage.
12:29:16 [TestNG-tests-2] INFO  Ecommerce.TestComponents.Listeners - Test started: loginErrorValidationTest
12:29:16 [TestNG-tests-2] INFO  Ecommerce.pageobjects.LoginPage - Starting login error validation test with email: ''
12:29:16 [TestNG-tests-2] INFO  Ecommerce.pageobjects.LoginPage - Attempting login with user ''
12:29:16 [TestNG-tests-2] INFO  Ecommerce.AbstractComponent.BasePage - Typed '' into element: By.id: userEmail
12:29:17 [TestNG-tests-2] INFO  Ecommerce.AbstractComponent.BasePage - Typed '[PROTECTED]' into element: By.id: userPassword
12:29:17 [TestNG-tests-2] INFO  Ecommerce.AbstractComponent.BasePage - Clicking element: By.id: login
12:29:17 [TestNG-tests-3] INFO  Ecommerce.pageobjects.LoginPage - Login page loaded successfully.
12:29:17 [TestNG-tests-3] INFO  Ecommerce.TestComponents.BaseTest - Application launched and navigated to LoginPage.
12:29:17 [TestNG-tests-3] INFO  Ecommerce.TestComponents.Listeners - Test started: loginErrorValidationTest
12:29:17 [TestNG-tests-3] INFO  Ecommerce.pageobjects.LoginPage - Starting login error validation test with email: 'invalidEmailFormat'
12:29:17 [TestNG-tests-3] INFO  Ecommerce.pageobjects.LoginPage - Attempting login with user 'invalidEmailFormat'
12:29:17 [TestNG-tests-2] INFO  Ecommerce.AbstractComponent.BasePage - Clicked element: By.id: login
12:29:17 [TestNG-tests-2] INFO  Ecommerce.pageobjects.LoginPage - Login button clicked for user ''
12:29:17 [TestNG-tests-2] INFO  Ecommerce.pageobjects.LoginPage - Captured error message: '*Email is required'
12:29:17 [TestNG-tests-2] INFO  Ecommerce.TestComponents.Listeners - Test passed: loginErrorValidationTest
]]></system-out>
  </testcase>
  <testcase name="loginErrorValidationTest[{userPassword=SomePassword123, userEmail=invalidEmailFormat, expectedError=*Enter Valid Email, errorType=textbox}](3)" classname="Ecommerce.LoginErrorValidationTest" time="0.458">
    <system-out><![CDATA[12:29:17 [TestNG-tests-2] INFO  io.github.bonigarcia.wdm.WebDriverManager - Exporting webdriver.chrome.driver as C:\Users\Basharmal Safi\.cache\selenium\chromedriver\win64\143.0.7499.42\chromedriver.exe
12:29:17 [TestNG-tests-3] INFO  Ecommerce.TestComponents.BaseTest - Browser closed successfully after test execution.
12:29:17 [TestNG-tests-3] INFO  Ecommerce.TestComponents.BaseTest - Initializing WebDriver for browser: chromeheadless
12:29:17 [TestNG-tests-3] INFO  io.github.bonigarcia.wdm.WebDriverManager - Using chromedriver 143.0.7499.42 (resolved driver for Chrome 143)
12:29:17 [TestNG-tests-3] INFO  io.github.bonigarcia.wdm.WebDriverManager - Exporting webdriver.chrome.driver as C:\Users\Basharmal Safi\.cache\selenium\chromedriver\win64\143.0.7499.42\chromedriver.exe
12:29:18 [TestNG-tests-2] INFO  Ecommerce.TestComponents.BaseTest - Browser window maximized.
12:29:18 [TestNG-tests-2] INFO  Ecommerce.pageobjects.LoginPage - Navigating to login page...
12:29:18 [TestNG-tests-3] INFO  Ecommerce.TestComponents.BaseTest - Browser window maximized.
12:29:18 [TestNG-tests-3] INFO  Ecommerce.pageobjects.LoginPage - Navigating to login page...
12:29:23 [TestNG-tests-2] INFO  Ecommerce.pageobjects.LoginPage - Login page loaded successfully.
12:29:23 [TestNG-tests-2] INFO  Ecommerce.TestComponents.BaseTest - Application launched and navigated to LoginPage.
12:29:23 [TestNG-tests-2] INFO  Ecommerce.TestComponents.Listeners - Test started: loginErrorValidationTest
12:29:23 [TestNG-tests-2] INFO  Ecommerce.pageobjects.LoginPage - Starting login error validation test with email: 'invalidEmailFormat'
12:29:23 [TestNG-tests-2] INFO  Ecommerce.pageobjects.LoginPage - Attempting login with user 'invalidEmailFormat'
12:29:23 [TestNG-tests-2] INFO  Ecommerce.AbstractComponent.BasePage - Typed 'invalidEmailFormat' into element: By.id: userEmail
12:29:23 [TestNG-tests-2] INFO  Ecommerce.AbstractComponent.BasePage - Typed '[PROTECTED]' into element: By.id: userPassword
12:29:23 [TestNG-tests-2] INFO  Ecommerce.AbstractComponent.BasePage - Clicking element: By.id: login
12:29:24 [TestNG-tests-2] INFO  Ecommerce.AbstractComponent.BasePage - Clicked element: By.id: login
12:29:24 [TestNG-tests-2] INFO  Ecommerce.pageobjects.LoginPage - Login button clicked for user 'invalidEmailFormat'
12:29:24 [TestNG-tests-2] INFO  Ecommerce.pageobjects.LoginPage - Captured error message: '*Enter Valid Email'
12:29:24 [TestNG-tests-2] INFO  Ecommerce.TestComponents.Listeners - Test passed: loginErrorValidationTest
]]></system-out>
    <system-err><![CDATA[Dec 12, 2025 12:29:18 PM org.openqa.selenium.devtools.CdpVersionFinder findNearestMatch
WARNING: Unable to find an exact match for CDP version 143, returning the closest version; found: 142; Please update to a Selenium version that supports CDP version 143
Dec 12, 2025 12:29:18 PM org.openqa.selenium.devtools.CdpVersionFinder findNearestMatch
WARNING: Unable to find an exact match for CDP version 143, returning the closest version; found: 142; Please update to a Selenium version that supports CDP version 143
]]></system-err>
  </testcase>
  <testcase name="submitOrderTest" classname="Ecommerce.StandAloneTest" time="6.356">
    <system-out><![CDATA[12:29:09 [TestNG-tests-2] INFO  Ecommerce.TestComponents.BaseTest - Browser closed successfully after test execution.
12:29:09 [TestNG-tests-2] INFO  Ecommerce.TestComponents.BaseTest - Initializing WebDriver for browser: chromeheadless
12:29:09 [TestNG-tests-2] INFO  io.github.bonigarcia.wdm.WebDriverManager - Using chromedriver 143.0.7499.42 (resolved driver for Chrome 143)
12:29:09 [TestNG-tests-2] INFO  io.github.bonigarcia.wdm.WebDriverManager - Exporting webdriver.chrome.driver as C:\Users\Basharmal Safi\.cache\selenium\chromedriver\win64\143.0.7499.42\chromedriver.exe
12:29:09 [TestNG-tests-1] INFO  Ecommerce.pageobjects.ProductCatalogue - Clicked 'Add To Cart' for product 'ZARA COAT 3'
12:29:09 [TestNG-tests-3] INFO  Ecommerce.TestComponents.BaseTest - Browser window maximized.
12:29:09 [TestNG-tests-3] INFO  Ecommerce.pageobjects.LoginPage - Navigating to login page...
12:29:10 [TestNG-tests-1] INFO  Ecommerce.pageobjects.ProductCatalogue - Product 'ZARA COAT 3' successfully added to cart
12:29:10 [TestNG-tests-1] INFO  Ecommerce.AbstractComponent.BasePage - Navigating to Cart page...
12:29:10 [TestNG-tests-1] INFO  Ecommerce.AbstractComponent.BasePage - Attempting safe click on element: By.cssSelector: button[routerlink*='cart']
12:29:10 [TestNG-tests-2] INFO  Ecommerce.TestComponents.BaseTest - Browser window maximized.
12:29:10 [TestNG-tests-2] INFO  Ecommerce.pageobjects.LoginPage - Navigating to login page...
12:29:11 [TestNG-tests-1] INFO  Ecommerce.AbstractComponent.BasePage - Clicking element: By.cssSelector: button[routerlink*='cart']
12:29:11 [TestNG-tests-1] INFO  Ecommerce.AbstractComponent.BasePage - Clicked element: By.cssSelector: button[routerlink*='cart']
12:29:11 [TestNG-tests-1] INFO  Ecommerce.AbstractComponent.BasePage - Safe click succeeded on element: By.cssSelector: button[routerlink*='cart']
12:29:11 [TestNG-tests-1] INFO  Ecommerce.AbstractComponent.BasePage - Navigation to Cart page successful.
12:29:11 [TestNG-tests-1] INFO  Ecommerce.pageobjects.CartSectionPage - Verifying if product 'ZARA COAT 3' is displayed in the cart...
12:29:11 [TestNG-tests-1] INFO  Ecommerce.pageobjects.CartSectionPage - Fetching products added to cart...
12:29:12 [TestNG-tests-1] INFO  Ecommerce.pageobjects.CartSectionPage - Items added to cart successfully. Total items: 1
12:29:12 [TestNG-tests-1] INFO  Ecommerce.pageobjects.CartSectionPage - Product 'ZARA COAT 3' is present in the cart.
12:29:12 [TestNG-tests-1] INFO  Ecommerce.pageobjects.CartSectionPage - Proceeding to checkout...
12:29:12 [TestNG-tests-1] INFO  Ecommerce.AbstractComponent.BasePage - Attempting safe click on element: By.xpath: //li[@class='totalRow']//button
12:29:12 [TestNG-tests-1] INFO  Ecommerce.AbstractComponent.BasePage - Clicking element: By.xpath: //li[@class='totalRow']//button
12:29:12 [TestNG-tests-1] INFO  Ecommerce.AbstractComponent.BasePage - Clicked element: By.xpath: //li[@class='totalRow']//button
12:29:12 [TestNG-tests-1] INFO  Ecommerce.AbstractComponent.BasePage - Safe click succeeded on element: By.xpath: //li[@class='totalRow']//button
12:29:12 [TestNG-tests-1] INFO  Ecommerce.pageobjects.CartSectionPage - Checkout button clicked successfully.
12:29:12 [TestNG-tests-1] INFO  Ecommerce.pageobjects.CheckoutPage - Selecting country 'Pakistan'
12:29:12 [TestNG-tests-1] INFO  Ecommerce.AbstractComponent.BasePage - Typed 'Pakistan' into element: By.cssSelector: input[placeholder='Select Country']
12:29:13 [TestNG-tests-1] INFO  Ecommerce.pageobjects.CheckoutPage - Country 'Pakistan' selected successfully.
12:29:13 [TestNG-tests-1] INFO  Ecommerce.pageobjects.CheckoutPage - Submitting order...
12:29:13 [TestNG-tests-1] INFO  Ecommerce.AbstractComponent.BasePage - Attempting safe click on element: By.cssSelector: a[class*='action__submit']
12:29:13 [TestNG-tests-1] INFO  Ecommerce.AbstractComponent.BasePage - Clicking element: By.cssSelector: a[class*='action__submit']
12:29:13 [TestNG-tests-1] INFO  Ecommerce.AbstractComponent.BasePage - Clicked element: By.cssSelector: a[class*='action__submit']
12:29:13 [TestNG-tests-1] INFO  Ecommerce.AbstractComponent.BasePage - Safe click succeeded on element: By.cssSelector: a[class*='action__submit']
12:29:13 [TestNG-tests-1] INFO  Ecommerce.pageobjects.CheckoutPage - Order submitted. Navigating to ConfirmationPage.
12:29:13 [TestNG-tests-1] INFO  Ecommerce.pageobjects.ConfirmationPage - Waiting for confirmation message to appear...
12:29:14 [TestNG-tests-1] INFO  Ecommerce.pageobjects.ConfirmationPage - Confirmation message retrieved: 'THANKYOU FOR THE ORDER.'
12:29:14 [TestNG-tests-1] INFO  Ecommerce.pageobjects.ConfirmationPage - Order confirmation validated successfully.
12:29:14 [TestNG-tests-1] INFO  Ecommerce.TestComponents.Listeners - Test passed: submitOrderTest
]]></system-out>
    <system-err><![CDATA[Dec 12, 2025 12:29:09 PM org.openqa.selenium.devtools.CdpVersionFinder findNearestMatch
WARNING: Unable to find an exact match for CDP version 143, returning the closest version; found: 142; Please update to a Selenium version that supports CDP version 143
Dec 12, 2025 12:29:10 PM org.openqa.selenium.devtools.CdpVersionFinder findNearestMatch
WARNING: Unable to find an exact match for CDP version 143, returning the closest version; found: 142; Please update to a Selenium version that supports CDP version 143
]]></system-err>
  </testcase>
  <testcase name="productErrorValidationTest" classname="Ecommerce.ProductErrorValidationTest" time="4.471">
    <system-out><![CDATA[12:29:25 [TestNG-tests-3] INFO  Ecommerce.TestComponents.BaseTest - Browser closed successfully after test execution.
12:29:25 [TestNG-tests-3] INFO  Ecommerce.TestComponents.Listeners - All tests finished. Extent report flushed.
12:29:30 [TestNG-tests-2] INFO  Ecommerce.pageobjects.LoginPage - Login page loaded successfully.
12:29:30 [TestNG-tests-2] INFO  Ecommerce.TestComponents.BaseTest - Application launched and navigated to LoginPage.
12:29:30 [TestNG-tests-2] INFO  Ecommerce.TestComponents.Listeners - Test started: productErrorValidationTest
12:29:30 [TestNG-tests-2] INFO  Ecommerce.pageobjects.ProductCatalogue - Starting product error validation test with user: usman.basharmal123@gmail.com
12:29:30 [TestNG-tests-2] INFO  Ecommerce.pageobjects.LoginPage - Attempting login with user 'usman.basharmal123@gmail.com'
12:29:30 [TestNG-tests-2] INFO  Ecommerce.AbstractComponent.BasePage - Typed 'usman.basharmal123@gmail.com' into element: By.id: userEmail
12:29:30 [TestNG-tests-2] INFO  Ecommerce.AbstractComponent.BasePage - Typed '[PROTECTED]' into element: By.id: userPassword
12:29:30 [TestNG-tests-2] INFO  Ecommerce.AbstractComponent.BasePage - Clicking element: By.id: login
12:29:30 [TestNG-tests-2] INFO  Ecommerce.AbstractComponent.BasePage - Clicked element: By.id: login
12:29:30 [TestNG-tests-2] INFO  Ecommerce.pageobjects.LoginPage - Login button clicked for user 'usman.basharmal123@gmail.com'
12:29:30 [TestNG-tests-2] INFO  Ecommerce.pageobjects.ProductCatalogue - Attempting to add product 'ZARA COAT 3' to cart
12:29:30 [TestNG-tests-2] INFO  Ecommerce.pageobjects.ProductCatalogue - Fetching product list from catalogue page...
12:29:32 [TestNG-tests-2] INFO  Ecommerce.pageobjects.ProductCatalogue - Clicked 'Add To Cart' for product 'ZARA COAT 3'
12:29:32 [TestNG-tests-2] INFO  Ecommerce.pageobjects.ProductCatalogue - Product 'ZARA COAT 3' successfully added to cart
12:29:32 [TestNG-tests-2] INFO  Ecommerce.pageobjects.ProductCatalogue - Added product 'ZARA COAT 3' to cart.
12:29:32 [TestNG-tests-2] INFO  Ecommerce.AbstractComponent.BasePage - Navigating to Cart page...
12:29:32 [TestNG-tests-2] INFO  Ecommerce.AbstractComponent.BasePage - Attempting safe click on element: By.cssSelector: button[routerlink*='cart']
12:29:33 [TestNG-tests-2] INFO  Ecommerce.AbstractComponent.BasePage - Clicking element: By.cssSelector: button[routerlink*='cart']
12:29:33 [TestNG-tests-2] INFO  Ecommerce.AbstractComponent.BasePage - Clicked element: By.cssSelector: button[routerlink*='cart']
12:29:33 [TestNG-tests-2] INFO  Ecommerce.AbstractComponent.BasePage - Safe click succeeded on element: By.cssSelector: button[routerlink*='cart']
12:29:33 [TestNG-tests-2] INFO  Ecommerce.AbstractComponent.BasePage - Navigation to Cart page successful.
12:29:33 [TestNG-tests-2] INFO  Ecommerce.pageobjects.CartSectionPage - Verifying if product 'ZARA COAT 33' is displayed in the cart...
12:29:33 [TestNG-tests-2] INFO  Ecommerce.pageobjects.CartSectionPage - Fetching products added to cart...
12:29:35 [TestNG-tests-2] INFO  Ecommerce.pageobjects.CartSectionPage - Items added to cart successfully. Total items: 1
12:29:35 [TestNG-tests-2] WARN  Ecommerce.pageobjects.CartSectionPage - Product 'ZARA COAT 33' is NOT present in the cart.
12:29:35 [TestNG-tests-2] INFO  Ecommerce.pageobjects.ProductCatalogue - Verification result for product 'ZARA COAT 33': false
12:29:35 [TestNG-tests-2] INFO  Ecommerce.TestComponents.Listeners - Test passed: productErrorValidationTest
]]></system-out>
  </testcase>
</testsuite>