<?xml version="1.0" encoding="UTF-8"?>
<testsuite xmlns:xsi="http://www.w3.org/2001/XMLSchema-instance" xsi:noNamespaceSchemaLocation="https://maven.apache.org/surefire/maven-surefire-plugin/xsd/surefire-test-report.xsd" version="3.0.2" name="TestSuite" time="42.803" tests="8" errors="0" skipped="2" failures="1">
  <properties>
    <property name="java.specification.version" value="23"/>
    <property name="webdriver.chrome.driver" value="C:\Users\Basharmal Safi\.cache\selenium\chromedriver\win64\143.0.7499.42\chromedriver.exe"/>
    <property name="sun.cpu.isalist" value="amd64"/>
    <property name="sun.jnu.encoding" value="Cp1252"/>
    <property name="java.class.path" value="C:\Users\Basharmal Safi\eclipse-workspace\Ecommerce-SFD\target\test-classes;C:\Users\Basharmal Safi\eclipse-workspace\Ecommerce-SFD\target\classes;C:\Users\Basharmal Safi\.m2\repository\org\seleniumhq\selenium\selenium-java\4.38.0\selenium-java-4.38.0.jar;C:\Users\Basharmal Safi\.m2\repository\org\seleniumhq\selenium\selenium-api\4.38.0\selenium-api-4.38.0.jar;C:\Users\Basharmal Safi\.m2\repository\org\jspecify\jspecify\1.0.0\jspecify-1.0.0.jar;C:\Users\Basharmal Safi\.m2\repository\org\seleniumhq\selenium\selenium-chrome-driver\4.38.0\selenium-chrome-driver-4.38.0.jar;C:\Users\Basharmal Safi\.m2\repository\com\google\auto\service\auto-service-annotations\1.1.1\auto-service-annotations-1.1.1.jar;C:\Users\Basharmal Safi\.m2\repository\org\seleniumhq\selenium\selenium-chromium-driver\4.38.0\selenium-chromium-driver-4.38.0.jar;C:\Users\Basharmal Safi\.m2\repository\org\seleniumhq\selenium\selenium-json\4.38.0\selenium-json-4.38.0.jar;C:\Users\Basharmal Safi\.m2\repository\org\seleniumhq\selenium\selenium-manager\4.38.0\selenium-manager-4.38.0.jar;C:\Users\Basharmal Safi\.m2\repository\org\seleniumhq\selenium\selenium-devtools-v140\4.38.0\selenium-devtools-v140-4.38.0.jar;C:\Users\Basharmal Safi\.m2\repository\org\seleniumhq\selenium\selenium-devtools-v141\4.38.0\selenium-devtools-v141-4.38.0.jar;C:\Users\Basharmal Safi\.m2\repository\org\seleniumhq\selenium\selenium-devtools-v142\4.38.0\selenium-devtools-v142-4.38.0.jar;C:\Users\Basharmal Safi\.m2\repository\org\seleniumhq\selenium\selenium-edge-driver\4.38.0\selenium-edge-driver-4.38.0.jar;C:\Users\Basharmal Safi\.m2\repository\org\seleniumhq\selenium\selenium-firefox-driver\4.38.0\selenium-firefox-driver-4.38.0.jar;C:\Users\Basharmal Safi\.m2\repository\org\seleniumhq\selenium\selenium-http\4.38.0\selenium-http-4.38.0.jar;C:\Users\Basharmal Safi\.m2\repository\org\seleniumhq\selenium\selenium-ie-driver\4.38.0\selenium-ie-driver-4.38.0.jar;C:\Users\Basharmal Safi\.m2\repository\org\seleniumhq\selenium\selenium-remote-driver\4.38.0\selenium-remote-driver-4.38.0.jar;C:\Users\Basharmal Safi\.m2\repository\com\google\guava\guava\33.5.0-jre\guava-33.5.0-jre.jar;C:\Users\Basharmal Safi\.m2\repository\com\google\guava\failureaccess\1.0.3\failureaccess-1.0.3.jar;C:\Users\Basharmal Safi\.m2\repository\com\google\guava\listenablefuture\9999.0-empty-to-avoid-conflict-with-guava\listenablefuture-9999.0-empty-to-avoid-conflict-with-guava.jar;C:\Users\Basharmal Safi\.m2\repository\com\google\j2objc\j2objc-annotations\3.1\j2objc-annotations-3.1.jar;C:\Users\Basharmal Safi\.m2\repository\io\opentelemetry\opentelemetry-api\1.55.0\opentelemetry-api-1.55.0.jar;C:\Users\Basharmal Safi\.m2\repository\io\opentelemetry\opentelemetry-context\1.55.0\opentelemetry-context-1.55.0.jar;C:\Users\Basharmal Safi\.m2\repository\io\opentelemetry\opentelemetry-common\1.55.0\opentelemetry-common-1.55.0.jar;C:\Users\Basharmal Safi\.m2\repository\io\opentelemetry\opentelemetry-exporter-logging\1.55.0\opentelemetry-exporter-logging-1.55.0.jar;C:\Users\Basharmal Safi\.m2\repository\io\opentelemetry\opentelemetry-sdk-common\1.55.0\opentelemetry-sdk-common-1.55.0.jar;C:\Users\Basharmal Safi\.m2\repository\io\opentelemetry\opentelemetry-sdk-extension-autoconfigure-spi\1.55.0\opentelemetry-sdk-extension-autoconfigure-spi-1.55.0.jar;C:\Users\Basharmal Safi\.m2\repository\io\opentelemetry\opentelemetry-sdk-extension-autoconfigure\1.55.0\opentelemetry-sdk-extension-autoconfigure-1.55.0.jar;C:\Users\Basharmal Safi\.m2\repository\io\opentelemetry\opentelemetry-sdk-trace\1.55.0\opentelemetry-sdk-trace-1.55.0.jar;C:\Users\Basharmal Safi\.m2\repository\io\opentelemetry\opentelemetry-sdk\1.55.0\opentelemetry-sdk-1.55.0.jar;C:\Users\Basharmal Safi\.m2\repository\io\opentelemetry\opentelemetry-sdk-metrics\1.55.0\opentelemetry-sdk-metrics-1.55.0.jar;C:\Users\Basharmal Safi\.m2\repository\io\opentelemetry\opentelemetry-sdk-logs\1.55.0\opentelemetry-sdk-logs-1.55.0.jar;C:\Users\Basharmal Safi\.m2\repository\net\bytebuddy\byte-buddy\1.17.8\byte-buddy-1.17.8.jar;C:\Users\Basharmal Safi\.m2\repository\org\seleniumhq\selenium\selenium-os\4.38.0\selenium-os-4.38.0.jar;C:\Users\Basharmal Safi\.m2\repository\org\apache\commons\commons-exec\1.5.0\commons-exec-1.5.0.jar;C:\Users\Basharmal Safi\.m2\repository\org\seleniumhq\selenium\selenium-safari-driver\4.38.0\selenium-safari-driver-4.38.0.jar;C:\Users\Basharmal Safi\.m2\repository\org\seleniumhq\selenium\selenium-support\4.38.0\selenium-support-4.38.0.jar;C:\Users\Basharmal Safi\.m2\repository\org\testng\testng\7.11.0\testng-7.11.0.jar;C:\Users\Basharmal Safi\.m2\repository\org\jcommander\jcommander\1.83\jcommander-1.83.jar;C:\Users\Basharmal Safi\.m2\repository\org\webjars\jquery\3.7.1\jquery-3.7.1.jar;C:\Users\Basharmal Safi\.m2\repository\io\github\bonigarcia\webdrivermanager\6.3.3\webdrivermanager-6.3.3.jar;C:\Users\Basharmal Safi\.m2\repository\com\google\code\gson\gson\2.13.2\gson-2.13.2.jar;C:\Users\Basharmal Safi\.m2\repository\com\google\errorprone\error_prone_annotations\2.41.0\error_prone_annotations-2.41.0.jar;C:\Users\Basharmal Safi\.m2\repository\com\github\docker-java\docker-java\3.6.0\docker-java-3.6.0.jar;C:\Users\Basharmal Safi\.m2\repository\com\github\docker-java\docker-java-core\3.6.0\docker-java-core-3.6.0.jar;C:\Users\Basharmal Safi\.m2\repository\com\github\docker-java\docker-java-api\3.6.0\docker-java-api-3.6.0.jar;C:\Users\Basharmal Safi\.m2\repository\org\slf4j\jcl-over-slf4j\1.7.30\jcl-over-slf4j-1.7.30.jar;C:\Users\Basharmal Safi\.m2\repository\com\github\docker-java\docker-java-transport-httpclient5\3.6.0\docker-java-transport-httpclient5-3.6.0.jar;C:\Users\Basharmal Safi\.m2\repository\com\github\docker-java\docker-java-transport\3.6.0\docker-java-transport-3.6.0.jar;C:\Users\Basharmal Safi\.m2\repository\net\java\dev\jna\jna\5.17.0\jna-5.17.0.jar;C:\Users\Basharmal Safi\.m2\repository\org\brotli\dec\0.1.2\dec-0.1.2.jar;C:\Users\Basharmal Safi\.m2\repository\org\apache\commons\commons-lang3\3.19.0\commons-lang3-3.19.0.jar;C:\Users\Basharmal Safi\.m2\repository\org\apache\commons\commons-compress\1.28.0\commons-compress-1.28.0.jar;C:\Users\Basharmal Safi\.m2\repository\commons-codec\commons-codec\1.19.0\commons-codec-1.19.0.jar;C:\Users\Basharmal Safi\.m2\repository\commons-io\commons-io\2.20.0\commons-io-2.20.0.jar;C:\Users\Basharmal Safi\.m2\repository\org\apache\httpcomponents\client5\httpclient5\5.4.3\httpclient5-5.4.3.jar;C:\Users\Basharmal Safi\.m2\repository\org\apache\httpcomponents\core5\httpcore5\5.3.4\httpcore5-5.3.4.jar;C:\Users\Basharmal Safi\.m2\repository\org\apache\httpcomponents\core5\httpcore5-h2\5.3.4\httpcore5-h2-5.3.4.jar;C:\Users\Basharmal Safi\.m2\repository\org\slf4j\slf4j-api\2.0.9\slf4j-api-2.0.9.jar;C:\Users\Basharmal Safi\.m2\repository\org\apache\logging\log4j\log4j-slf4j2-impl\2.22.0\log4j-slf4j2-impl-2.22.0.jar;C:\Users\Basharmal Safi\.m2\repository\org\apache\logging\log4j\log4j-core\2.22.0\log4j-core-2.22.0.jar;C:\Users\Basharmal Safi\.m2\repository\org\apache\logging\log4j\log4j-api\2.22.0\log4j-api-2.22.0.jar;C:\Users\Basharmal Safi\.m2\repository\com\fasterxml\jackson\core\jackson-databind\2.20.1\jackson-databind-2.20.1.jar;C:\Users\Basharmal Safi\.m2\repository\com\fasterxml\jackson\core\jackson-annotations\2.20\jackson-annotations-2.20.jar;C:\Users\Basharmal Safi\.m2\repository\com\fasterxml\jackson\core\jackson-core\2.20.1\jackson-core-2.20.1.jar;C:\Users\Basharmal Safi\.m2\repository\com\aventstack\extentreports\5.1.2\extentreports-5.1.2.jar;C:\Users\Basharmal Safi\.m2\repository\io\reactivex\rxjava3\rxjava\3.1.6\rxjava-3.1.6.jar;C:\Users\Basharmal Safi\.m2\repository\org\reactivestreams\reactive-streams\1.0.4\reactive-streams-1.0.4.jar;C:\Users\Basharmal Safi\.m2\repository\org\freemarker\freemarker\2.3.32\freemarker-2.3.32.jar;C:\Users\Basharmal Safi\.m2\repository\org\projectlombok\lombok\1.18.26\lombok-1.18.26.jar;"/>
    <property name="java.vm.vendor" value="Oracle Corporation"/>
    <property name="sun.arch.data.model" value="64"/>
    <property name="user.variant" value=""/>
    <property name="java.vendor.url" value="https://java.oracle.com/"/>
    <property name="user.timezone" value="America/New_York"/>
    <property name="os.name" value="Windows 10"/>
    <property name="java.vm.specification.version" value="23"/>
    <property name="sun.java.launcher" value="SUN_STANDARD"/>
    <property name="user.country" value="US"/>
    <property name="sun.boot.library.path" value="C:\Program Files\Java\jdk-23\bin"/>
    <property name="sun.java.command" value="C:\Users\Basharmal Safi\AppData\Local\Temp\surefire12820374909334973938\surefirebooter-20251212122852005_3.jar C:\Users\Basharmal Safi\AppData\Local\Temp\surefire12820374909334973938 2025-12-12T12-28-51_828-jvmRun1 surefire-20251212122852005_1tmp surefire_0-20251212122852005_2tmp"/>
    <property name="jdk.debug" value="release"/>
    <property name="surefire.test.class.path" value="C:\Users\Basharmal Safi\eclipse-workspace\Ecommerce-SFD\target\test-classes;C:\Users\Basharmal Safi\eclipse-workspace\Ecommerce-SFD\target\classes;C:\Users\Basharmal Safi\.m2\repository\org\seleniumhq\selenium\selenium-java\4.38.0\selenium-java-4.38.0.jar;C:\Users\Basharmal Safi\.m2\repository\org\seleniumhq\selenium\selenium-api\4.38.0\selenium-api-4.38.0.jar;C:\Users\Basharmal Safi\.m2\repository\org\jspecify\jspecify\1.0.0\jspecify-1.0.0.jar;C:\Users\Basharmal Safi\.m2\repository\org\seleniumhq\selenium\selenium-chrome-driver\4.38.0\selenium-chrome-driver-4.38.0.jar;C:\Users\Basharmal Safi\.m2\repository\com\google\auto\service\auto-service-annotations\1.1.1\auto-service-annotations-1.1.1.jar;C:\Users\Basharmal Safi\.m2\repository\org\seleniumhq\selenium\selenium-chromium-driver\4.38.0\selenium-chromium-driver-4.38.0.jar;C:\Users\Basharmal Safi\.m2\repository\org\seleniumhq\selenium\selenium-json\4.38.0\selenium-json-4.38.0.jar;C:\Users\Basharmal Safi\.m2\repository\org\seleniumhq\selenium\selenium-manager\4.38.0\selenium-manager-4.38.0.jar;C:\Users\Basharmal Safi\.m2\repository\org\seleniumhq\selenium\selenium-devtools-v140\4.38.0\selenium-devtools-v140-4.38.0.jar;C:\Users\Basharmal Safi\.m2\repository\org\seleniumhq\selenium\selenium-devtools-v141\4.38.0\selenium-devtools-v141-4.38.0.jar;C:\Users\Basharmal Safi\.m2\repository\org\seleniumhq\selenium\selenium-devtools-v142\4.38.0\selenium-devtools-v142-4.38.0.jar;C:\Users\Basharmal Safi\.m2\repository\org\seleniumhq\selenium\selenium-edge-driver\4.38.0\selenium-edge-driver-4.38.0.jar;C:\Users\Basharmal Safi\.m2\repository\org\seleniumhq\selenium\selenium-firefox-driver\4.38.0\selenium-firefox-driver-4.38.0.jar;C:\Users\Basharmal Safi\.m2\repository\org\seleniumhq\selenium\selenium-http\4.38.0\selenium-http-4.38.0.jar;C:\Users\Basharmal Safi\.m2\repository\org\seleniumhq\selenium\selenium-ie-driver\4.38.0\selenium-ie-driver-4.38.0.jar;C:\Users\Basharmal Safi\.m2\repository\org\seleniumhq\selenium\selenium-remote-driver\4.38.0\selenium-remote-driver-4.38.0.jar;C:\Users\Basharmal Safi\.m2\repository\com\google\guava\guava\33.5.0-jre\guava-33.5.0-jre.jar;C:\Users\Basharmal Safi\.m2\repository\com\google\guava\failureaccess\1.0.3\failureaccess-1.0.3.jar;C:\Users\Basharmal Safi\.m2\repository\com\google\guava\listenablefuture\9999.0-empty-to-avoid-conflict-with-guava\listenablefuture-9999.0-empty-to-avoid-conflict-with-guava.jar;C:\Users\Basharmal Safi\.m2\repository\com\google\j2objc\j2objc-annotations\3.1\j2objc-annotations-3.1.jar;C:\Users\Basharmal Safi\.m2\repository\io\opentelemetry\opentelemetry-api\1.55.0\opentelemetry-api-1.55.0.jar;C:\Users\Basharmal Safi\.m2\repository\io\opentelemetry\opentelemetry-context\1.55.0\opentelemetry-context-1.55.0.jar;C:\Users\Basharmal Safi\.m2\repository\io\opentelemetry\opentelemetry-common\1.55.0\opentelemetry-common-1.55.0.jar;C:\Users\Basharmal Safi\.m2\repository\io\opentelemetry\opentelemetry-exporter-logging\1.55.0\opentelemetry-exporter-logging-1.55.0.jar;C:\Users\Basharmal Safi\.m2\repository\io\opentelemetry\opentelemetry-sdk-common\1.55.0\opentelemetry-sdk-common-1.55.0.jar;C:\Users\Basharmal Safi\.m2\repository\io\opentelemetry\opentelemetry-sdk-extension-autoconfigure-spi\1.55.0\opentelemetry-sdk-extension-autoconfigure-spi-1.55.0.jar;C:\Users\Basharmal Safi\.m2\repository\io\opentelemetry\opentelemetry-sdk-extension-autoconfigure\1.55.0\opentelemetry-sdk-extension-autoconfigure-1.55.0.jar;C:\Users\Basharmal Safi\.m2\repository\io\opentelemetry\opentelemetry-sdk-trace\1.55.0\opentelemetry-sdk-trace-1.55.0.jar;C:\Users\Basharmal Safi\.m2\repository\io\opentelemetry\opentelemetry-sdk\1.55.0\opentelemetry-sdk-1.55.0.jar;C:\Users\Basharmal Safi\.m2\repository\io\opentelemetry\opentelemetry-sdk-metrics\1.55.0\opentelemetry-sdk-metrics-1.55.0.jar;C:\Users\Basharmal Safi\.m2\repository\io\opentelemetry\opentelemetry-sdk-logs\1.55.0\opentelemetry-sdk-logs-1.55.0.jar;C:\Users\Basharmal Safi\.m2\repository\net\bytebuddy\byte-buddy\1.17.8\byte-buddy-1.17.8.jar;C:\Users\Basharmal Safi\.m2\repository\org\seleniumhq\selenium\selenium-os\4.38.0\selenium-os-4.38.0.jar;C:\Users\Basharmal Safi\.m2\repository\org\apache\commons\commons-exec\1.5.0\commons-exec-1.5.0.jar;C:\Users\Basharmal Safi\.m2\repository\org\seleniumhq\selenium\selenium-safari-driver\4.38.0\selenium-safari-driver-4.38.0.jar;C:\Users\Basharmal Safi\.m2\repository\org\seleniumhq\selenium\selenium-support\4.38.0\selenium-support-4.38.0.jar;C:\Users\Basharmal Safi\.m2\repository\org\testng\testng\7.11.0\testng-7.11.0.jar;C:\Users\Basharmal Safi\.m2\repository\org\jcommander\jcommander\1.83\jcommander-1.83.jar;C:\Users\Basharmal Safi\.m2\repository\org\webjars\jquery\3.7.1\jquery-3.7.1.jar;C:\Users\Basharmal Safi\.m2\repository\io\github\bonigarcia\webdrivermanager\6.3.3\webdrivermanager-6.3.3.jar;C:\Users\Basharmal Safi\.m2\repository\com\google\code\gson\gson\2.13.2\gson-2.13.2.jar;C:\Users\Basharmal Safi\.m2\repository\com\google\errorprone\error_prone_annotations\2.41.0\error_prone_annotations-2.41.0.jar;C:\Users\Basharmal Safi\.m2\repository\com\github\docker-java\docker-java\3.6.0\docker-java-3.6.0.jar;C:\Users\Basharmal Safi\.m2\repository\com\github\docker-java\docker-java-core\3.6.0\docker-java-core-3.6.0.jar;C:\Users\Basharmal Safi\.m2\repository\com\github\docker-java\docker-java-api\3.6.0\docker-java-api-3.6.0.jar;C:\Users\Basharmal Safi\.m2\repository\org\slf4j\jcl-over-slf4j\1.7.30\jcl-over-slf4j-1.7.30.jar;C:\Users\Basharmal Safi\.m2\repository\com\github\docker-java\docker-java-transport-httpclient5\3.6.0\docker-java-transport-httpclient5-3.6.0.jar;C:\Users\Basharmal Safi\.m2\repository\com\github\docker-java\docker-java-transport\3.6.0\docker-java-transport-3.6.0.jar;C:\Users\Basharmal Safi\.m2\repository\net\java\dev\jna\jna\5.17.0\jna-5.17.0.jar;C:\Users\Basharmal Safi\.m2\repository\org\brotli\dec\0.1.2\dec-0.1.2.jar;C:\Users\Basharmal Safi\.m2\repository\org\apache\commons\commons-lang3\3.19.0\commons-lang3-3.19.0.jar;C:\Users\Basharmal Safi\.m2\repository\org\apache\commons\commons-compress\1.28.0\commons-compress-1.28.0.jar;C:\Users\Basharmal Safi\.m2\repository\commons-codec\commons-codec\1.19.0\commons-codec-1.19.0.jar;C:\Users\Basharmal Safi\.m2\repository\commons-io\commons-io\2.20.0\commons-io-2.20.0.jar;C:\Users\Basharmal Safi\.m2\repository\org\apache\httpcomponents\client5\httpclient5\5.4.3\httpclient5-5.4.3.jar;C:\Users\Basharmal Safi\.m2\repository\org\apache\httpcomponents\core5\httpcore5\5.3.4\httpcore5-5.3.4.jar;C:\Users\Basharmal Safi\.m2\repository\org\apache\httpcomponents\core5\httpcore5-h2\5.3.4\httpcore5-h2-5.3.4.jar;C:\Users\Basharmal Safi\.m2\repository\org\slf4j\slf4j-api\2.0.9\slf4j-api-2.0.9.jar;C:\Users\Basharmal Safi\.m2\repository\org\apache\logging\log4j\log4j-slf4j2-impl\2.22.0\log4j-slf4j2-impl-2.22.0.jar;C:\Users\Basharmal Safi\.m2\repository\org\apache\logging\log4j\log4j-core\2.22.0\log4j-core-2.22.0.jar;C:\Users\Basharmal Safi\.m2\repository\org\apache\logging\log4j\log4j-api\2.22.0\log4j-api-2.22.0.jar;C:\Users\Basharmal Safi\.m2\repository\com\fasterxml\jackson\core\jackson-databind\2.20.1\jackson-databind-2.20.1.jar;C:\Users\Basharmal Safi\.m2\repository\com\fasterxml\jackson\core\jackson-annotations\2.20\jackson-annotations-2.20.jar;C:\Users\Basharmal Safi\.m2\repository\com\fasterxml\jackson\core\jackson-core\2.20.1\jackson-core-2.20.1.jar;C:\Users\Basharmal Safi\.m2\repository\com\aventstack\extentreports\5.1.2\extentreports-5.1.2.jar;C:\Users\Basharmal Safi\.m2\repository\io\reactivex\rxjava3\rxjava\3.1.6\rxjava-3.1.6.jar;C:\Users\Basharmal Safi\.m2\repository\org\reactivestreams\reactive-streams\1.0.4\reactive-streams-1.0.4.jar;C:\Users\Basharmal Safi\.m2\repository\org\freemarker\freemarker\2.3.32\freemarker-2.3.32.jar;C:\Users\Basharmal Safi\.m2\repository\org\projectlombok\lombok\1.18.26\lombok-1.18.26.jar;"/>
    <property name="sun.cpu.endian" value="little"/>
    <property name="user.home" value="C:\Users\Basharmal Safi"/>
    <property name="user.language" value="en"/>
    <property name="java.specification.vendor" value="Oracle Corporation"/>
    <property name="java.version.date" value="2025-01-21"/>
    <property name="java.home" value="C:\Program Files\Java\jdk-23"/>
    <property name="file.separator" value="\"/>
    <property name="basedir" value="C:\Users\Basharmal Safi\eclipse-workspace\Ecommerce-SFD"/>
    <property name="java.vm.compressedOopsMode" value="32-bit"/>
    <property name="line.separator" value="&#10;"/>
    <property name="java.vm.specification.vendor" value="Oracle Corporation"/>
    <property name="java.specification.name" value="Java Platform API Specification"/>
    <property name="surefire.real.class.path" value="C:\Users\Basharmal Safi\AppData\Local\Temp\surefire12820374909334973938\surefirebooter-20251212122852005_3.jar"/>
    <property name="user.script" value=""/>
    <property name="sun.management.compiler" value="HotSpot 64-Bit Tiered Compilers"/>
    <property name="java.runtime.version" value="23.0.2+7-58"/>
    <property name="user.name" value="Basharmal Safi"/>
    <property name="stdout.encoding" value="Cp1252"/>
    <property name="path.separator" value=";"/>
    <property name="os.version" value="10.0"/>
    <property name="java.runtime.name" value="Java(TM) SE Runtime Environment"/>
    <property name="file.encoding" value="UTF-8"/>
    <property name="browser" value="chromeheadless"/>
    <property name="java.vm.name" value="Java HotSpot(TM) 64-Bit Server VM"/>
    <property name="localRepository" value="C:\Users\Basharmal Safi\.m2\repository"/>
    <property name="java.vendor.url.bug" value="https://bugreport.java.com/bugreport/"/>
    <property name="java.io.tmpdir" value="C:\Users\BASHAR~1\AppData\Local\Temp\"/>
    <property name="java.version" value="23.0.2"/>
    <property name="user.dir" value="C:\Users\Basharmal Safi\eclipse-workspace\Ecommerce-SFD"/>
    <property name="os.arch" value="amd64"/>
    <property name="java.vm.specification.name" value="Java Virtual Machine Specification"/>
    <property name="sun.os.patch.level" value=""/>
    <property name="native.encoding" value="Cp1252"/>
    <property name="java.library.path" value="C:\Program Files\Java\jdk-23\bin;C:\WINDOWS\Sun\Java\bin;C:\WINDOWS\system32;C:\WINDOWS;C:\Program Files\Common Files\Oracle\Java\javapath;C:\WINDOWS\system32;C:\WINDOWS;C:\WINDOWS\System32\Wbem;C:\WINDOWS\System32\WindowsPowerShell\v1.0\;C:\WINDOWS\System32\OpenSSH\;C:\Program Files\nodejs\;C:\Program Files\Git\cmd;C:\Program Files\Java\jdk-23\bin;C:\DivTools\apache-maven-3.9.11\bin;K:\Learning\tools\jdk-21.0.9\bin;C:\Program Files\MySQL\MySQL Shell 8.0\bin\;C:\Users\Basharmal Safi\AppData\Local\Microsoft\WindowsApps;C:\Users\Basharmal Safi\AppData\Local\Programs\Microsoft VS Code\bin;C:\Users\Basharmal Safi\AppData\Roaming\npm;C:\Program Files\JetBrains\IntelliJ IDEA 2023.1.3\bin;;."/>
    <property name="java.vm.info" value="mixed mode, sharing"/>
    <property name="stderr.encoding" value="Cp1252"/>
    <property name="java.vendor" value="Oracle Corporation"/>
    <property name="java.vm.version" value="23.0.2+7-58"/>
    <property name="sun.io.unicode.encoding" value="UnicodeLittle"/>
    <property name="java.class.version" value="67.0"/>
  </properties>
  <testcase name="loginErrorValidationTest[{userPassword=SomePassword123, userEmail=invalidEmailFormat, expectedError=*Enter Valid Email, errorType=textbox}](1)" classname="Ecommerce.ScreenShootLoginErrorValidationTest" time="0.0">
    <skipped message="expected [We forsely fail the funtion to take the screenshot] but found [*Enter Valid Email]"/>
    <system-out><![CDATA[12:28:54 [TestNG-tests-2] INFO  Ecommerce.TestComponents.BaseTest - Loading test data from JSON file: C:\Users\Basharmal Safi\eclipse-workspace\Ecommerce-SFD//src//main//resources//JSonData
12:28:54 [TestNG-tests-3] INFO  Ecommerce.TestComponents.BaseTest - Loading test data from JSON file: C:\Users\Basharmal Safi\eclipse-workspace\Ecommerce-SFD//src//main//resources//JSonData
12:28:54 [TestNG-tests-1] INFO  Ecommerce.TestComponents.BaseTest - Initializing WebDriver for browser: chromeheadless
12:28:55 [TestNG-tests-3] INFO  Ecommerce.TestComponents.BaseTest - Initializing WebDriver for browser: chromeheadless
12:28:55 [TestNG-tests-2] INFO  Ecommerce.TestComponents.BaseTest - Initializing WebDriver for browser: chromeheadless
12:28:55 [TestNG-tests-1] INFO  io.github.bonigarcia.wdm.WebDriverManager - Using chromedriver 143.0.7499.42 (resolved driver for Chrome 143)
12:28:55 [TestNG-tests-3] INFO  io.github.bonigarcia.wdm.WebDriverManager - Using chromedriver 143.0.7499.42 (resolved driver for Chrome 143)
12:28:55 [TestNG-tests-2] INFO  io.github.bonigarcia.wdm.WebDriverManager - Using chromedriver 143.0.7499.42 (resolved driver for Chrome 143)
12:28:55 [TestNG-tests-1] INFO  io.github.bonigarcia.wdm.WebDriverManager - Exporting webdriver.chrome.driver as C:\Users\Basharmal Safi\.cache\selenium\chromedriver\win64\143.0.7499.42\chromedriver.exe
12:28:55 [TestNG-tests-3] INFO  io.github.bonigarcia.wdm.WebDriverManager - Exporting webdriver.chrome.driver as C:\Users\Basharmal Safi\.cache\selenium\chromedriver\win64\143.0.7499.42\chromedriver.exe
12:28:55 [TestNG-tests-2] INFO  io.github.bonigarcia.wdm.WebDriverManager - Exporting webdriver.chrome.driver as C:\Users\Basharmal Safi\.cache\selenium\chromedriver\win64\143.0.7499.42\chromedriver.exe
12:28:57 [TestNG-tests-3] INFO  Ecommerce.TestComponents.BaseTest - Browser window maximized.
12:28:57 [TestNG-tests-1] INFO  Ecommerce.TestComponents.BaseTest - Browser window maximized.
12:28:57 [TestNG-tests-2] INFO  Ecommerce.TestComponents.BaseTest - Browser window maximized.
12:28:57 [TestNG-tests-1] INFO  Ecommerce.pageobjects.LoginPage - Navigating to login page...
12:28:57 [TestNG-tests-2] INFO  Ecommerce.pageobjects.LoginPage - Navigating to login page...
12:28:57 [TestNG-tests-3] INFO  Ecommerce.pageobjects.LoginPage - Navigating to login page...
12:29:07 [TestNG-tests-2] INFO  Ecommerce.pageobjects.LoginPage - Login page loaded successfully.
12:29:07 [TestNG-tests-2] INFO  Ecommerce.TestComponents.BaseTest - Application launched and navigated to LoginPage.
12:29:07 [TestNG-tests-2] INFO  Ecommerce.TestComponents.Listeners - Test started: loginErrorValidationTest
12:29:07 [TestNG-tests-2] INFO  Ecommerce.pageobjects.LoginPage - Starting login error validation test with email: 'usman.basharmal123@gmail.com'
12:29:07 [TestNG-tests-2] INFO  Ecommerce.pageobjects.LoginPage - Attempting login with user 'usman.basharmal123@gmail.com'
12:29:07 [TestNG-tests-3] INFO  Ecommerce.pageobjects.LoginPage - Login page loaded successfully.
12:29:07 [TestNG-tests-3] INFO  Ecommerce.TestComponents.BaseTest - Application launched and navigated to LoginPage.
12:29:07 [TestNG-tests-3] INFO  Ecommerce.TestComponents.Listeners - Test started: loginErrorValidationTest
12:29:07 [TestNG-tests-3] INFO  Ecommerce.pageobjects.LoginPage - Starting login error validation test with email: 'invalidEmailFormat'
12:29:07 [TestNG-tests-3] INFO  Ecommerce.pageobjects.LoginPage - Attempting login with user 'invalidEmailFormat'
12:29:07 [TestNG-tests-2] INFO  Ecommerce.AbstractComponent.BasePage - Typed 'usman.basharmal123@gmail.com' into element: By.id: userEmail
12:29:07 [TestNG-tests-3] INFO  Ecommerce.AbstractComponent.BasePage - Typed 'invalidEmailFormat' into element: By.id: userEmail
12:29:07 [TestNG-tests-1] INFO  Ecommerce.pageobjects.LoginPage - Login page loaded successfully.
12:29:07 [TestNG-tests-1] INFO  Ecommerce.TestComponents.BaseTest - Application launched and navigated to LoginPage.
12:29:07 [TestNG-tests-1] INFO  Ecommerce.TestComponents.Listeners - Test started: submitOrderTest
12:29:07 [TestNG-tests-1] INFO  Ecommerce.pageobjects.LoginPage - Attempting login with user 'usman.basharmal123@gmail.com'
12:29:07 [TestNG-tests-2] INFO  Ecommerce.AbstractComponent.BasePage - Typed '[PROTECTED]' into element: By.id: userPassword
12:29:07 [TestNG-tests-2] INFO  Ecommerce.AbstractComponent.BasePage - Clicking element: By.id: login
12:29:07 [TestNG-tests-3] INFO  Ecommerce.AbstractComponent.BasePage - Typed '[PROTECTED]' into element: By.id: userPassword
12:29:07 [TestNG-tests-3] INFO  Ecommerce.AbstractComponent.BasePage - Clicking element: By.id: login
12:29:08 [TestNG-tests-1] INFO  Ecommerce.AbstractComponent.BasePage - Typed 'usman.basharmal123@gmail.com' into element: By.id: userEmail
12:29:08 [TestNG-tests-2] INFO  Ecommerce.AbstractComponent.BasePage - Clicked element: By.id: login
12:29:08 [TestNG-tests-2] INFO  Ecommerce.pageobjects.LoginPage - Login button clicked for user 'usman.basharmal123@gmail.com'
12:29:08 [TestNG-tests-3] INFO  Ecommerce.AbstractComponent.BasePage - Clicked element: By.id: login
12:29:08 [TestNG-tests-3] INFO  Ecommerce.pageobjects.LoginPage - Login button clicked for user 'invalidEmailFormat'
12:29:08 [TestNG-tests-1] INFO  Ecommerce.AbstractComponent.BasePage - Typed '[PROTECTED]' into element: By.id: userPassword
12:29:08 [TestNG-tests-1] INFO  Ecommerce.AbstractComponent.BasePage - Clicking element: By.id: login
12:29:08 [TestNG-tests-3] INFO  Ecommerce.pageobjects.LoginPage - Captured error message: '*Enter Valid Email'
12:29:08 [TestNG-tests-3] INFO  Ecommerce.pageobjects.LoginPage - We forcelly fail the funtion to take the screenshot : '*Enter Valid Email'
]]></system-out>
    <system-err><![CDATA[Dec 12, 2025 12:28:57 PM org.openqa.selenium.devtools.CdpVersionFinder findNearestMatch
WARNING: Unable to find an exact match for CDP version 143, returning the closest version; found: 142; Please update to a Selenium version that supports CDP version 143
Dec 12, 2025 12:28:57 PM org.openqa.selenium.devtools.CdpVersionFinder findNearestMatch
WARNING: Unable to find an exact match for CDP version 143, returning the closest version; found: 142; Please update to a Selenium version that supports CDP version 143
Dec 12, 2025 12:28:57 PM org.openqa.selenium.devtools.CdpVersionFinder findNearestMatch
WARNING: Unable to find an exact match for CDP version 143, returning the closest version; found: 142; Please update to a Selenium version that supports CDP version 143
]]></system-err>
  </testcase>
  <testcase name="loginErrorValidationTest[{userPassword=SomePassword123, userEmail=invalidEmailFormat, expectedError=*Enter Valid Email, errorType=textbox}](2)" classname="Ecommerce.ScreenShootLoginErrorValidationTest" time="0.0">
    <skipped message="expected [We forsely fail the funtion to take the screenshot] but found [*Enter Valid Email]"/>
    <system-out><![CDATA[12:29:17 [TestNG-tests-3] INFO  Ecommerce.AbstractComponent.BasePage - Typed 'invalidEmailFormat' into element: By.id: userEmail
12:29:17 [TestNG-tests-3] INFO  Ecommerce.AbstractComponent.BasePage - Typed '[PROTECTED]' into element: By.id: userPassword
12:29:17 [TestNG-tests-3] INFO  Ecommerce.AbstractComponent.BasePage - Clicking element: By.id: login
12:29:17 [TestNG-tests-2] INFO  Ecommerce.TestComponents.BaseTest - Browser closed successfully after test execution.
12:29:17 [TestNG-tests-2] INFO  Ecommerce.TestComponents.BaseTest - Initializing WebDriver for browser: chromeheadless
12:29:17 [TestNG-tests-2] INFO  io.github.bonigarcia.wdm.WebDriverManager - Using chromedriver 143.0.7499.42 (resolved driver for Chrome 143)
12:29:17 [TestNG-tests-3] INFO  Ecommerce.AbstractComponent.BasePage - Clicked element: By.id: login
12:29:17 [TestNG-tests-3] INFO  Ecommerce.pageobjects.LoginPage - Login button clicked for user 'invalidEmailFormat'
12:29:17 [TestNG-tests-3] INFO  Ecommerce.pageobjects.LoginPage - Captured error message: '*Enter Valid Email'
12:29:17 [TestNG-tests-3] INFO  Ecommerce.pageobjects.LoginPage - We forcelly fail the funtion to take the screenshot : '*Enter Valid Email'
]]></system-out>
  </testcase>
  <testcase name="loginErrorValidationTest[{userPassword=SomePassword123, userEmail=invalidEmailFormat, expectedError=*Enter Valid Email, errorType=textbox}](3)" classname="Ecommerce.ScreenShootLoginErrorValidationTest" time="0.767">
    <failure message="expected [We forsely fail the funtion to take the screenshot] but found [*Enter Valid Email]" type="java.lang.AssertionError"><![CDATA[java.lang.AssertionError: expected [We forsely fail the funtion to take the screenshot] but found [*Enter Valid Email]
	at org.testng.Assert.fail(Assert.java:111)
	at org.testng.Assert.failNotEquals(Assert.java:1590)
	at org.testng.Assert.assertEqualsImpl(Assert.java:150)
	at org.testng.Assert.assertEquals(Assert.java:132)
	at org.testng.Assert.assertEquals(Assert.java:656)
	at org.testng.Assert.assertEquals(Assert.java:666)
	at Ecommerce.ScreenShootLoginErrorValidationTest.loginErrorValidationTest(ScreenShootLoginErrorValidationTest.java:76)
	at java.base/jdk.internal.reflect.DirectMethodHandleAccessor.invoke(DirectMethodHandleAccessor.java:103)
	at java.base/java.lang.reflect.Method.invoke(Method.java:580)
	at org.testng.internal.invokers.MethodInvocationHelper.invokeMethod(MethodInvocationHelper.java:141)
	at org.testng.internal.invokers.TestInvoker.invokeMethod(TestInvoker.java:687)
	at org.testng.internal.invokers.TestInvoker.retryFailed(TestInvoker.java:269)
	at org.testng.internal.invokers.MethodRunner.runInSequence(MethodRunner.java:76)
	at org.testng.internal.invokers.TestInvoker$MethodInvocationAgent.invoke(TestInvoker.java:995)
	at org.testng.internal.invokers.TestInvoker.invokeTestMethods(TestInvoker.java:203)
	at org.testng.internal.invokers.TestMethodWorker.invokeTestMethods(TestMethodWorker.java:154)
	at org.testng.internal.invokers.TestMethodWorker.run(TestMethodWorker.java:134)
	at java.base/java.util.ArrayList.forEach(ArrayList.java:1597)
	at org.testng.TestRunner.privateRun(TestRunner.java:741)
	at org.testng.TestRunner.run(TestRunner.java:616)
	at org.testng.SuiteRunner.runTest(SuiteRunner.java:421)
	at org.testng.SuiteRunner$SuiteWorker.run(SuiteRunner.java:463)
	at org.testng.internal.thread.ThreadUtil.lambda$execute$0(ThreadUtil.java:64)
	at java.base/java.util.concurrent.FutureTask.run(FutureTask.java:317)
	at java.base/java.util.concurrent.ThreadPoolExecutor.runWorker(ThreadPoolExecutor.java:1144)
	at java.base/java.util.concurrent.ThreadPoolExecutor$Worker.run(ThreadPoolExecutor.java:642)
	at java.base/java.lang.Thread.run(Thread.java:1575)
]]></failure>
    <system-out><![CDATA[12:29:24 [TestNG-tests-2] INFO  Ecommerce.TestComponents.BaseTest - Browser closed successfully after test execution.
12:29:24 [TestNG-tests-2] INFO  Ecommerce.TestComponents.BaseTest - Initializing WebDriver for browser: chromeheadless
12:29:24 [TestNG-tests-2] INFO  io.github.bonigarcia.wdm.WebDriverManager - Using chromedriver 143.0.7499.42 (resolved driver for Chrome 143)
12:29:24 [TestNG-tests-2] INFO  io.github.bonigarcia.wdm.WebDriverManager - Exporting webdriver.chrome.driver as C:\Users\Basharmal Safi\.cache\selenium\chromedriver\win64\143.0.7499.42\chromedriver.exe
12:29:24 [TestNG-tests-3] INFO  Ecommerce.pageobjects.LoginPage - Login page loaded successfully.
12:29:24 [TestNG-tests-3] INFO  Ecommerce.TestComponents.BaseTest - Application launched and navigated to LoginPage.
12:29:24 [TestNG-tests-3] INFO  Ecommerce.TestComponents.Listeners - Test started: loginErrorValidationTest
12:29:24 [TestNG-tests-3] INFO  Ecommerce.pageobjects.LoginPage - Starting login error validation test with email: 'invalidEmailFormat'
12:29:24 [TestNG-tests-3] INFO  Ecommerce.pageobjects.LoginPage - Attempting login with user 'invalidEmailFormat'
12:29:25 [TestNG-tests-3] INFO  Ecommerce.AbstractComponent.BasePage - Typed 'invalidEmailFormat' into element: By.id: userEmail
12:29:25 [TestNG-tests-2] INFO  Ecommerce.TestComponents.BaseTest - Browser window maximized.
12:29:25 [TestNG-tests-2] INFO  Ecommerce.pageobjects.LoginPage - Navigating to login page...
12:29:25 [TestNG-tests-3] INFO  Ecommerce.AbstractComponent.BasePage - Typed '[PROTECTED]' into element: By.id: userPassword
12:29:25 [TestNG-tests-3] INFO  Ecommerce.AbstractComponent.BasePage - Clicking element: By.id: login
12:29:25 [TestNG-tests-3] INFO  Ecommerce.AbstractComponent.BasePage - Clicked element: By.id: login
12:29:25 [TestNG-tests-3] INFO  Ecommerce.pageobjects.LoginPage - Login button clicked for user 'invalidEmailFormat'
12:29:25 [TestNG-tests-3] INFO  Ecommerce.pageobjects.LoginPage - Captured error message: '*Enter Valid Email'
12:29:25 [TestNG-tests-3] INFO  Ecommerce.pageobjects.LoginPage - We forcelly fail the funtion to take the screenshot : '*Enter Valid Email'
12:29:25 [TestNG-tests-3] ERROR Ecommerce.TestComponents.Listeners - Test failed: loginErrorValidationTest with exception expected [We forsely fail the funtion to take the screenshot] but found [*Enter Valid Email]
12:29:25 [TestNG-tests-3] INFO  Ecommerce.TestComponents.BaseTest - Screenshot saved at: C:\Users\Basharmal Safi\eclipse-workspace\Ecommerce-SFD//reports//screenshots//loginErrorValidationTest.png
12:29:25 [TestNG-tests-3] INFO  Ecommerce.TestComponents.Listeners - Screenshot captured and attached: screenshots/loginErrorValidationTest.png
]]></system-out>
    <system-err><![CDATA[Dec 12, 2025 12:29:25 PM org.openqa.selenium.devtools.CdpVersionFinder findNearestMatch
WARNING: Unable to find an exact match for CDP version 143, returning the closest version; found: 142; Please update to a Selenium version that supports CDP version 143
]]></system-err>
  </testcase>
  <testcase name="loginErrorValidationTest[{userPassword=R@hulshetty.123644444, userEmail=usman.basharmal123@gmail.com, expectedError=Incorrect email or password., errorType=flyinOut}](1)" classname="Ecommerce.LoginErrorValidationTest" time="0.847">
    <system-out><![CDATA[12:29:08 [TestNG-tests-1] INFO  Ecommerce.AbstractComponent.BasePage - Clicked element: By.id: login
12:29:08 [TestNG-tests-1] INFO  Ecommerce.pageobjects.LoginPage - Login button clicked for user 'usman.basharmal123@gmail.com'
12:29:08 [TestNG-tests-1] INFO  Ecommerce.pageobjects.ProductCatalogue - Attempting to add product 'ZARA COAT 3' to cart
12:29:08 [TestNG-tests-1] INFO  Ecommerce.pageobjects.ProductCatalogue - Fetching product list from catalogue page...
12:29:08 [TestNG-tests-3] INFO  Ecommerce.TestComponents.BaseTest - Browser closed successfully after test execution.
12:29:08 [TestNG-tests-3] INFO  Ecommerce.TestComponents.BaseTest - Initializing WebDriver for browser: chromeheadless
12:29:08 [TestNG-tests-3] INFO  io.github.bonigarcia.wdm.WebDriverManager - Using chromedriver 143.0.7499.42 (resolved driver for Chrome 143)
12:29:08 [TestNG-tests-3] INFO  io.github.bonigarcia.wdm.WebDriverManager - Exporting webdriver.chrome.driver as C:\Users\Basharmal Safi\.cache\selenium\chromedriver\win64\143.0.7499.42\chromedriver.exe
12:29:08 [TestNG-tests-2] INFO  Ecommerce.pageobjects.LoginPage - Captured error message: 'Incorrect email or password.'
12:29:08 [TestNG-tests-2] INFO  Ecommerce.TestComponents.Listeners - Test passed: loginErrorValidationTest
]]></system-out>
  </testcase>
  <testcase name="loginErrorValidationTest[{userPassword=, userEmail=, expectedError=*Email is required, errorType=textbox}](2)" classname="Ecommerce.LoginErrorValidationTest" time="0.079">
    <system-out><![CDATA[12:29:14 [TestNG-tests-1] INFO  Ecommerce.TestComponents.BaseTest - Browser closed successfully after test execution.
12:29:15 [TestNG-tests-1] INFO  Ecommerce.TestComponents.Listeners - All tests finished. Extent report flushed.
12:29:16 [TestNG-tests-2] INFO  Ecommerce.pageobjects.LoginPage - Login page loaded successfully.
12:29:16 [TestNG-tests-2] INFO  Ecommerce.TestComponents.BaseTest - Application launched and navigated to LoginPage.
12:29:16 [TestNG-tests-2] INFO  Ecommerce.TestComponents.Listeners - Test started: loginErrorValidationTest
12:29:16 [TestNG-tests-2] INFO  Ecommerce.pageobjects.LoginPage - Starting login error validation test with email: ''
12:29:16 [TestNG-tests-2] INFO  Ecommerce.pageobjects.LoginPage - Attempting login with user ''
12:29:16 [TestNG-tests-2] INFO  Ecommerce.AbstractComponent.BasePage - Typed '' into element: By.id: userEmail
12:29:17 [TestNG-tests-2] INFO  Ecommerce.AbstractComponent.BasePage - Typed '[PROTECTED]' into element: By.id: userPassword
12:29:17 [TestNG-tests-2] INFO  Ecommerce.AbstractComponent.BasePage - Clicking element: By.id: login
12:29:17 [TestNG-tests-3] INFO  Ecommerce.pageobjects.LoginPage - Login page loaded successfully.
12:29:17 [TestNG-tests-3] INFO  Ecommerce.TestComponents.BaseTest - Application launched and navigated to LoginPage.
12:29:17 [TestNG-tests-3] INFO  Ecommerce.TestComponents.Listeners - Test started: loginErrorValidationTest
12:29:17 [TestNG-tests-3] INFO  Ecommerce.pageobjects.LoginPage - Starting login error validation test with email: 'invalidEmailFormat'
12:29:17 [TestNG-tests-3] INFO  Ecommerce.pageobjects.LoginPage - Attempting login with user 'invalidEmailFormat'
12:29:17 [TestNG-tests-2] INFO  Ecommerce.AbstractComponent.BasePage - Clicked element: By.id: login
12:29:17 [TestNG-tests-2] INFO  Ecommerce.pageobjects.LoginPage - Login button clicked for user ''
12:29:17 [TestNG-tests-2] INFO  Ecommerce.pageobjects.LoginPage - Captured error message: '*Email is required'
12:29:17 [TestNG-tests-2] INFO  Ecommerce.TestComponents.Listeners - Test passed: loginErrorValidationTest
]]></system-out>
  </testcase>
  <testcase name="loginErrorValidationTest[{userPassword=SomePassword123, userEmail=invalidEmailFormat, expectedError=*Enter Valid Email, errorType=textbox}](3)" classname="Ecommerce.LoginErrorValidationTest" time="0.458">
    <system-out><![CDATA[12:29:17 [TestNG-tests-2] INFO  io.github.bonigarcia.wdm.WebDriverManager - Exporting webdriver.chrome.driver as C:\Users\Basharmal Safi\.cache\selenium\chromedriver\win64\143.0.7499.42\chromedriver.exe
12:29:17 [TestNG-tests-3] INFO  Ecommerce.TestComponents.BaseTest - Browser closed successfully after test execution.
12:29:17 [TestNG-tests-3] INFO  Ecommerce.TestComponents.BaseTest - Initializing WebDriver for browser: chromeheadless
12:29:17 [TestNG-tests-3] INFO  io.github.bonigarcia.wdm.WebDriverManager - Using chromedriver 143.0.7499.42 (resolved driver for Chrome 143)
12:29:17 [TestNG-tests-3] INFO  io.github.bonigarcia.wdm.WebDriverManager - Exporting webdriver.chrome.driver as C:\Users\Basharmal Safi\.cache\selenium\chromedriver\win64\143.0.7499.42\chromedriver.exe
12:29:18 [TestNG-tests-2] INFO  Ecommerce.TestComponents.BaseTest - Browser window maximized.
12:29:18 [TestNG-tests-2] INFO  Ecommerce.pageobjects.LoginPage - Navigating to login page...
12:29:18 [TestNG-tests-3] INFO  Ecommerce.TestComponents.BaseTest - Browser window maximized.
12:29:18 [TestNG-tests-3] INFO  Ecommerce.pageobjects.LoginPage - Navigating to login page...
12:29:23 [TestNG-tests-2] INFO  Ecommerce.pageobjects.LoginPage - Login page loaded successfully.
12:29:23 [TestNG-tests-2] INFO  Ecommerce.TestComponents.BaseTest - Application launched and navigated to LoginPage.
12:29:23 [TestNG-tests-2] INFO  Ecommerce.TestComponents.Listeners - Test started: loginErrorValidationTest
12:29:23 [TestNG-tests-2] INFO  Ecommerce.pageobjects.LoginPage - Starting login error validation test with email: 'invalidEmailFormat'
12:29:23 [TestNG-tests-2] INFO  Ecommerce.pageobjects.LoginPage - Attempting login with user 'invalidEmailFormat'
12:29:23 [TestNG-tests-2] INFO  Ecommerce.AbstractComponent.BasePage - Typed 'invalidEmailFormat' into element: By.id: userEmail
12:29:23 [TestNG-tests-2] INFO  Ecommerce.AbstractComponent.BasePage - Typed '[PROTECTED]' into element: By.id: userPassword
12:29:23 [TestNG-tests-2] INFO  Ecommerce.AbstractComponent.BasePage - Clicking element: By.id: login
12:29:24 [TestNG-tests-2] INFO  Ecommerce.AbstractComponent.BasePage - Clicked element: By.id: login
12:29:24 [TestNG-tests-2] INFO  Ecommerce.pageobjects.LoginPage - Login button clicked for user 'invalidEmailFormat'
12:29:24 [TestNG-tests-2] INFO  Ecommerce.pageobjects.LoginPage - Captured error message: '*Enter Valid Email'
12:29:24 [TestNG-tests-2] INFO  Ecommerce.TestComponents.Listeners - Test passed: loginErrorValidationTest
]]></system-out>
    <system-err><![CDATA[Dec 12, 2025 12:29:18 PM org.openqa.selenium.devtools.CdpVersionFinder findNearestMatch
WARNING: Unable to find an exact match for CDP version 143, returning the closest version; found: 142; Please update to a Selenium version that supports CDP version 143
Dec 12, 2025 12:29:18 PM org.openqa.selenium.devtools.CdpVersionFinder findNearestMatch
WARNING: Unable to find an exact match for CDP version 143, returning the closest version; found: 142; Please update to a Selenium version that supports CDP version 143
]]></system-err>
  </testcase>
  <testcase name="submitOrderTest" classname="Ecommerce.StandAloneTest" time="6.356">
    <system-out><![CDATA[12:29:09 [TestNG-tests-2] INFO  Ecommerce.TestComponents.BaseTest - Browser closed successfully after test execution.
12:29:09 [TestNG-tests-2] INFO  Ecommerce.TestComponents.BaseTest - Initializing WebDriver for browser: chromeheadless
12:29:09 [TestNG-tests-2] INFO  io.github.bonigarcia.wdm.WebDriverManager - Using chromedriver 143.0.7499.42 (resolved driver for Chrome 143)
12:29:09 [TestNG-tests-2] INFO  io.github.bonigarcia.wdm.WebDriverManager - Exporting webdriver.chrome.driver as C:\Users\Basharmal Safi\.cache\selenium\chromedriver\win64\143.0.7499.42\chromedriver.exe
12:29:09 [TestNG-tests-1] INFO  Ecommerce.pageobjects.ProductCatalogue - Clicked 'Add To Cart' for product 'ZARA COAT 3'
12:29:09 [TestNG-tests-3] INFO  Ecommerce.TestComponents.BaseTest - Browser window maximized.
12:29:09 [TestNG-tests-3] INFO  Ecommerce.pageobjects.LoginPage - Navigating to login page...
12:29:10 [TestNG-tests-1] INFO  Ecommerce.pageobjects.ProductCatalogue - Product 'ZARA COAT 3' successfully added to cart
12:29:10 [TestNG-tests-1] INFO  Ecommerce.AbstractComponent.BasePage - Navigating to Cart page...
12:29:10 [TestNG-tests-1] INFO  Ecommerce.AbstractComponent.BasePage - Attempting safe click on element: By.cssSelector: button[routerlink*='cart']
12:29:10 [TestNG-tests-2] INFO  Ecommerce.TestComponents.BaseTest - Browser window maximized.
12:29:10 [TestNG-tests-2] INFO  Ecommerce.pageobjects.LoginPage - Navigating to login page...
12:29:11 [TestNG-tests-1] INFO  Ecommerce.AbstractComponent.BasePage - Clicking element: By.cssSelector: button[routerlink*='cart']
12:29:11 [TestNG-tests-1] INFO  Ecommerce.AbstractComponent.BasePage - Clicked element: By.cssSelector: button[routerlink*='cart']
12:29:11 [TestNG-tests-1] INFO  Ecommerce.AbstractComponent.BasePage - Safe click succeeded on element: By.cssSelector: button[routerlink*='cart']
12:29:11 [TestNG-tests-1] INFO  Ecommerce.AbstractComponent.BasePage - Navigation to Cart page successful.
12:29:11 [TestNG-tests-1] INFO  Ecommerce.pageobjects.CartSectionPage - Verifying if product 'ZARA COAT 3' is displayed in the cart...
12:29:11 [TestNG-tests-1] INFO  Ecommerce.pageobjects.CartSectionPage - Fetching products added to cart...
12:29:12 [TestNG-tests-1] INFO  Ecommerce.pageobjects.CartSectionPage - Items added to cart successfully. Total items: 1
12:29:12 [TestNG-tests-1] INFO  Ecommerce.pageobjects.CartSectionPage - Product 'ZARA COAT 3' is present in the cart.
12:29:12 [TestNG-tests-1] INFO  Ecommerce.pageobjects.CartSectionPage - Proceeding to checkout...
12:29:12 [TestNG-tests-1] INFO  Ecommerce.AbstractComponent.BasePage - Attempting safe click on element: By.xpath: //li[@class='totalRow']//button
12:29:12 [TestNG-tests-1] INFO  Ecommerce.AbstractComponent.BasePage - Clicking element: By.xpath: //li[@class='totalRow']//button
12:29:12 [TestNG-tests-1] INFO  Ecommerce.AbstractComponent.BasePage - Clicked element: By.xpath: //li[@class='totalRow']//button
12:29:12 [TestNG-tests-1] INFO  Ecommerce.AbstractComponent.BasePage - Safe click succeeded on element: By.xpath: //li[@class='totalRow']//button
12:29:12 [TestNG-tests-1] INFO  Ecommerce.pageobjects.CartSectionPage - Checkout button clicked successfully.
12:29:12 [TestNG-tests-1] INFO  Ecommerce.pageobjects.CheckoutPage - Selecting country 'Pakistan'
12:29:12 [TestNG-tests-1] INFO  Ecommerce.AbstractComponent.BasePage - Typed 'Pakistan' into element: By.cssSelector: input[placeholder='Select Country']
12:29:13 [TestNG-tests-1] INFO  Ecommerce.pageobjects.CheckoutPage - Country 'Pakistan' selected successfully.
12:29:13 [TestNG-tests-1] INFO  Ecommerce.pageobjects.CheckoutPage - Submitting order...
12:29:13 [TestNG-tests-1] INFO  Ecommerce.AbstractComponent.BasePage - Attempting safe click on element: By.cssSelector: a[class*='action__submit']
12:29:13 [TestNG-tests-1] INFO  Ecommerce.AbstractComponent.BasePage - Clicking element: By.cssSelector: a[class*='action__submit']
12:29:13 [TestNG-tests-1] INFO  Ecommerce.AbstractComponent.BasePage - Clicked element: By.cssSelector: a[class*='action__submit']
12:29:13 [TestNG-tests-1] INFO  Ecommerce.AbstractComponent.BasePage - Safe click succeeded on element: By.cssSelector: a[class*='action__submit']
12:29:13 [TestNG-tests-1] INFO  Ecommerce.pageobjects.CheckoutPage - Order submitted. Navigating to ConfirmationPage.
12:29:13 [TestNG-tests-1] INFO  Ecommerce.pageobjects.ConfirmationPage - Waiting for confirmation message to appear...
12:29:14 [TestNG-tests-1] INFO  Ecommerce.pageobjects.ConfirmationPage - Confirmation message retrieved: 'THANKYOU FOR THE ORDER.'
12:29:14 [TestNG-tests-1] INFO  Ecommerce.pageobjects.ConfirmationPage - Order confirmation validated successfully.
12:29:14 [TestNG-tests-1] INFO  Ecommerce.TestComponents.Listeners - Test passed: submitOrderTest
]]></system-out>
    <system-err><![CDATA[Dec 12, 2025 12:29:09 PM org.openqa.selenium.devtools.CdpVersionFinder findNearestMatch
WARNING: Unable to find an exact match for CDP version 143, returning the closest version; found: 142; Please update to a Selenium version that supports CDP version 143
Dec 12, 2025 12:29:10 PM org.openqa.selenium.devtools.CdpVersionFinder findNearestMatch
WARNING: Unable to find an exact match for CDP version 143, returning the closest version; found: 142; Please update to a Selenium version that supports CDP version 143
]]></system-err>
  </testcase>
  <testcase name="productErrorValidationTest" classname="Ecommerce.ProductErrorValidationTest" time="4.471">
    <system-out><![CDATA[12:29:25 [TestNG-tests-3] INFO  Ecommerce.TestComponents.BaseTest - Browser closed successfully after test execution.
12:29:25 [TestNG-tests-3] INFO  Ecommerce.TestComponents.Listeners - All tests finished. Extent report flushed.
12:29:30 [TestNG-tests-2] INFO  Ecommerce.pageobjects.LoginPage - Login page loaded successfully.
12:29:30 [TestNG-tests-2] INFO  Ecommerce.TestComponents.BaseTest - Application launched and navigated to LoginPage.
12:29:30 [TestNG-tests-2] INFO  Ecommerce.TestComponents.Listeners - Test started: productErrorValidationTest
12:29:30 [TestNG-tests-2] INFO  Ecommerce.pageobjects.ProductCatalogue - Starting product error validation test with user: usman.basharmal123@gmail.com
12:29:30 [TestNG-tests-2] INFO  Ecommerce.pageobjects.LoginPage - Attempting login with user 'usman.basharmal123@gmail.com'
12:29:30 [TestNG-tests-2] INFO  Ecommerce.AbstractComponent.BasePage - Typed 'usman.basharmal123@gmail.com' into element: By.id: userEmail
12:29:30 [TestNG-tests-2] INFO  Ecommerce.AbstractComponent.BasePage - Typed '[PROTECTED]' into element: By.id: userPassword
12:29:30 [TestNG-tests-2] INFO  Ecommerce.AbstractComponent.BasePage - Clicking element: By.id: login
12:29:30 [TestNG-tests-2] INFO  Ecommerce.AbstractComponent.BasePage - Clicked element: By.id: login
12:29:30 [TestNG-tests-2] INFO  Ecommerce.pageobjects.LoginPage - Login button clicked for user 'usman.basharmal123@gmail.com'
12:29:30 [TestNG-tests-2] INFO  Ecommerce.pageobjects.ProductCatalogue - Attempting to add product 'ZARA COAT 3' to cart
12:29:30 [TestNG-tests-2] INFO  Ecommerce.pageobjects.ProductCatalogue - Fetching product list from catalogue page...
12:29:32 [TestNG-tests-2] INFO  Ecommerce.pageobjects.ProductCatalogue - Clicked 'Add To Cart' for product 'ZARA COAT 3'
12:29:32 [TestNG-tests-2] INFO  Ecommerce.pageobjects.ProductCatalogue - Product 'ZARA COAT 3' successfully added to cart
12:29:32 [TestNG-tests-2] INFO  Ecommerce.pageobjects.ProductCatalogue - Added product 'ZARA COAT 3' to cart.
12:29:32 [TestNG-tests-2] INFO  Ecommerce.AbstractComponent.BasePage - Navigating to Cart page...
12:29:32 [TestNG-tests-2] INFO  Ecommerce.AbstractComponent.BasePage - Attempting safe click on element: By.cssSelector: button[routerlink*='cart']
12:29:33 [TestNG-tests-2] INFO  Ecommerce.AbstractComponent.BasePage - Clicking element: By.cssSelector: button[routerlink*='cart']
12:29:33 [TestNG-tests-2] INFO  Ecommerce.AbstractComponent.BasePage - Clicked element: By.cssSelector: button[routerlink*='cart']
12:29:33 [TestNG-tests-2] INFO  Ecommerce.AbstractComponent.BasePage - Safe click succeeded on element: By.cssSelector: button[routerlink*='cart']
12:29:33 [TestNG-tests-2] INFO  Ecommerce.AbstractComponent.BasePage - Navigation to Cart page successful.
12:29:33 [TestNG-tests-2] INFO  Ecommerce.pageobjects.CartSectionPage - Verifying if product 'ZARA COAT 33' is displayed in the cart...
12:29:33 [TestNG-tests-2] INFO  Ecommerce.pageobjects.CartSectionPage - Fetching products added to cart...
12:29:35 [TestNG-tests-2] INFO  Ecommerce.pageobjects.CartSectionPage - Items added to cart successfully. Total items: 1
12:29:35 [TestNG-tests-2] WARN  Ecommerce.pageobjects.CartSectionPage - Product 'ZARA COAT 33' is NOT present in the cart.
12:29:35 [TestNG-tests-2] INFO  Ecommerce.pageobjects.ProductCatalogue - Verification result for product 'ZARA COAT 33': false
12:29:35 [TestNG-tests-2] INFO  Ecommerce.TestComponents.Listeners - Test passed: productErrorValidationTest
]]></system-out>
  </testcase>
</testsuite>