<?xml version="1.0" encoding="UTF-8"?>
<testsuite xmlns:xsi="http://www.w3.org/2001/XMLSchema-instance" xsi:noNamespaceSchemaLocation="https://maven.apache.org/surefire/maven-surefire-plugin/xsd/surefire-test-report.xsd" version="3.0.2" name="TestSuite" time="37.735" tests="3" errors="0" skipped="2" failures="1">
  <properties>
[...]
</properties>
  <testcase name="loginErrorValidationTest[{userPassword=SomePassword123, userEmail=invalidEmailFormat, expectedError=*Enter Valid Email, errorType=textbox}](1)" classname="Ecommerce.ScreenShootLoginErrorValidationTest" time="0.0">
    <skipped message="expected [We forsely fail the funtion to take the screenshot] but found [*Enter Valid Email]"/>
    <system-out><![CDATA[10:52:40 [TestNG-tests-1] INFO  Ecommerce.TestComponents.BaseTest - Loading test data from JSON file: C:\Users\Basharmal Safi\eclipse-workspace\Ecommerce-SFD//src//main//resources//JSonData
10:52:40 [TestNG-tests-1] INFO  Ecommerce.TestComponents.BaseTest - Initializing WebDriver for browser: firefox
10:52:42 [TestNG-tests-1] INFO  io.github.bonigarcia.wdm.WebDriverManager - Using geckodriver 0.36.0 (resolved driver for Firefox 145)
10:52:42 [TestNG-tests-1] INFO  io.github.bonigarcia.wdm.WebDriverManager - Exporting webdriver.gecko.driver as C:\Users\Basharmal Safi\.cache\selenium\geckodriver\win64\0.36.0\geckodriver.exe
10:52:47 [TestNG-tests-1] INFO  Ecommerce.TestComponents.BaseTest - Browser window maximized.
10:52:47 [TestNG-tests-1] INFO  Ecommerce.pageobjects.LoginPage - Navigating to login page...
10:52:53 [TestNG-tests-1] INFO  Ecommerce.pageobjects.LoginPage - Login page loaded successfully.
10:52:53 [TestNG-tests-1] INFO  Ecommerce.TestComponents.BaseTest - Application launched and navigated to LoginPage.
10:52:53 [TestNG-tests-1] INFO  Ecommerce.TestComponents.Listeners - Test started: loginErrorValidationTest
10:52:53 [TestNG-tests-1] INFO  Ecommerce.pageobjects.LoginPage - Starting login error validation test with email: 'invalidEmailFormat'
10:52:53 [TestNG-tests-1] INFO  Ecommerce.pageobjects.LoginPage - Attempting login with user 'invalidEmailFormat'
10:52:53 [TestNG-tests-1] INFO  Ecommerce.AbstractComponent.BasePage - Typed 'invalidEmailFormat' into element: By.id: userEmail
10:52:53 [TestNG-tests-1] INFO  Ecommerce.AbstractComponent.BasePage - Typed '[PROTECTED]' into element: By.id: userPassword
10:52:53 [TestNG-tests-1] INFO  Ecommerce.AbstractComponent.BasePage - Clicking element: By.id: login
10:52:53 [TestNG-tests-1] INFO  Ecommerce.AbstractComponent.BasePage - Clicked element: By.id: login
10:52:53 [TestNG-tests-1] INFO  Ecommerce.pageobjects.LoginPage - Login button clicked for user 'invalidEmailFormat'
10:52:53 [TestNG-tests-1] INFO  Ecommerce.pageobjects.LoginPage - Captured error message: '*Enter Valid Email'
10:52:53 [TestNG-tests-1] INFO  Ecommerce.pageobjects.LoginPage - We forcelly fail the funtion to take the screenshot : '*Enter Valid Email'
]]></system-out>
  </testcase>
  <testcase name="loginErrorValidationTest[{userPassword=SomePassword123, userEmail=invalidEmailFormat, expectedError=*Enter Valid Email, errorType=textbox}](2)" classname="Ecommerce.ScreenShootLoginErrorValidationTest" time="0.0">
    <skipped message="expected [We forsely fail the funtion to take the screenshot] but found [*Enter Valid Email]"/>
    <system-out><![CDATA[10:52:54 [TestNG-tests-1] INFO  Ecommerce.TestComponents.BaseTest - Browser closed successfully after test execution.
10:52:54 [TestNG-tests-1] INFO  Ecommerce.TestComponents.BaseTest - Initializing WebDriver for browser: firefox
10:52:54 [TestNG-tests-1] INFO  io.github.bonigarcia.wdm.WebDriverManager - Using geckodriver 0.36.0 (resolved driver for Firefox 145)
10:52:54 [TestNG-tests-1] INFO  io.github.bonigarcia.wdm.WebDriverManager - Exporting webdriver.gecko.driver as C:\Users\Basharmal Safi\.cache\selenium\geckodriver\win64\0.36.0\geckodriver.exe
10:52:57 [TestNG-tests-1] INFO  Ecommerce.TestComponents.BaseTest - Browser window maximized.
10:52:57 [TestNG-tests-1] INFO  Ecommerce.pageobjects.LoginPage - Navigating to login page...
10:53:03 [TestNG-tests-1] INFO  Ecommerce.pageobjects.LoginPage - Login page loaded successfully.
10:53:03 [TestNG-tests-1] INFO  Ecommerce.TestComponents.BaseTest - Application launched and navigated to LoginPage.
10:53:03 [TestNG-tests-1] INFO  Ecommerce.TestComponents.Listeners - Test started: loginErrorValidationTest
10:53:03 [TestNG-tests-1] INFO  Ecommerce.pageobjects.LoginPage - Starting login error validation test with email: 'invalidEmailFormat'
10:53:03 [TestNG-tests-1] INFO  Ecommerce.pageobjects.LoginPage - Attempting login with user 'invalidEmailFormat'
10:53:03 [TestNG-tests-1] INFO  Ecommerce.AbstractComponent.BasePage - Typed 'invalidEmailFormat' into element: By.id: userEmail
10:53:03 [TestNG-tests-1] INFO  Ecommerce.AbstractComponent.BasePage - Typed '[PROTECTED]' into element: By.id: userPassword
10:53:03 [TestNG-tests-1] INFO  Ecommerce.AbstractComponent.BasePage - Clicking element: By.id: login
10:53:03 [TestNG-tests-1] INFO  Ecommerce.AbstractComponent.BasePage - Clicked element: By.id: login
10:53:03 [TestNG-tests-1] INFO  Ecommerce.pageobjects.LoginPage - Login button clicked for user 'invalidEmailFormat'
10:53:03 [TestNG-tests-1] INFO  Ecommerce.pageobjects.LoginPage - Captured error message: '*Enter Valid Email'
10:53:03 [TestNG-tests-1] INFO  Ecommerce.pageobjects.LoginPage - We forcelly fail the funtion to take the screenshot : '*Enter Valid Email'
]]></system-out>
  </testcase>
  <testcase name="loginErrorValidationTest[{userPassword=SomePassword123, userEmail=invalidEmailFormat, expectedError=*Enter Valid Email, errorType=textbox}](3)" classname="Ecommerce.ScreenShootLoginErrorValidationTest" time="0.548">
    <failure message="expected [We forsely fail the funtion to take the screenshot] but found [*Enter Valid Email]" type="java.lang.AssertionError"><![CDATA[java.lang.AssertionError: expected [We forsely fail the funtion to take the screenshot] but found [*Enter Valid Email]
	at org.testng.Assert.fail(Assert.java:111)
	at org.testng.Assert.failNotEquals(Assert.java:1590)
	at org.testng.Assert.assertEqualsImpl(Assert.java:150)
	at org.testng.Assert.assertEquals(Assert.java:132)
	at org.testng.Assert.assertEquals(Assert.java:656)
	at org.testng.Assert.assertEquals(Assert.java:666)
	at Ecommerce.ScreenShootLoginErrorValidationTest.loginErrorValidationTest(ScreenShootLoginErrorValidationTest.java:76)
	at java.base/jdk.internal.reflect.DirectMethodHandleAccessor.invoke(DirectMethodHandleAccessor.java:103)
	at java.base/java.lang.reflect.Method.invoke(Method.java:580)
	at org.testng.internal.invokers.MethodInvocationHelper.invokeMethod(MethodInvocationHelper.java:141)
	at org.testng.internal.invokers.TestInvoker.invokeMethod(TestInvoker.java:687)
	at org.testng.internal.invokers.TestInvoker.retryFailed(TestInvoker.java:269)
	at org.testng.internal.invokers.MethodRunner.runInSequence(MethodRunner.java:76)
	at org.testng.internal.invokers.TestInvoker$MethodInvocationAgent.invoke(TestInvoker.java:995)
	at org.testng.internal.invokers.TestInvoker.invokeTestMethods(TestInvoker.java:203)
	at org.testng.internal.invokers.TestMethodWorker.invokeTestMethods(TestMethodWorker.java:154)
	at org.testng.internal.invokers.TestMethodWorker.run(TestMethodWorker.java:134)
	at java.base/java.util.ArrayList.forEach(ArrayList.java:1597)
	at org.testng.TestRunner.privateRun(TestRunner.java:741)
	at org.testng.TestRunner.run(TestRunner.java:616)
	at org.testng.SuiteRunner.runTest(SuiteRunner.java:421)
	at org.testng.SuiteRunner$SuiteWorker.run(SuiteRunner.java:463)
	at org.testng.internal.thread.ThreadUtil.lambda$execute$0(ThreadUtil.java:64)
	at java.base/java.util.concurrent.FutureTask.run(FutureTask.java:317)
	at java.base/java.util.concurrent.ThreadPoolExecutor.runWorker(ThreadPoolExecutor.java:1144)
	at java.base/java.util.concurrent.ThreadPoolExecutor$Worker.run(ThreadPoolExecutor.java:642)
	at java.base/java.lang.Thread.run(Thread.java:1575)
]]></failure>
    <system-out><![CDATA[10:53:05 [TestNG-tests-1] INFO  Ecommerce.TestComponents.BaseTest - Browser closed successfully after test execution.
10:53:05 [TestNG-tests-1] INFO  Ecommerce.TestComponents.BaseTest - Initializing WebDriver for browser: firefox
10:53:05 [TestNG-tests-1] INFO  io.github.bonigarcia.wdm.WebDriverManager - Using geckodriver 0.36.0 (resolved driver for Firefox 145)
10:53:05 [TestNG-tests-1] INFO  io.github.bonigarcia.wdm.WebDriverManager - Exporting webdriver.gecko.driver as C:\Users\Basharmal Safi\.cache\selenium\geckodriver\win64\0.36.0\geckodriver.exe
10:53:08 [TestNG-tests-1] INFO  Ecommerce.TestComponents.BaseTest - Browser window maximized.
10:53:08 [TestNG-tests-1] INFO  Ecommerce.pageobjects.LoginPage - Navigating to login page...
10:53:14 [TestNG-tests-1] INFO  Ecommerce.pageobjects.LoginPage - Login page loaded successfully.
10:53:14 [TestNG-tests-1] INFO  Ecommerce.TestComponents.BaseTest - Application launched and navigated to LoginPage.
10:53:14 [TestNG-tests-1] INFO  Ecommerce.TestComponents.Listeners - Test started: loginErrorValidationTest
10:53:14 [TestNG-tests-1] INFO  Ecommerce.pageobjects.LoginPage - Starting login error validation test with email: 'invalidEmailFormat'
10:53:14 [TestNG-tests-1] INFO  Ecommerce.pageobjects.LoginPage - Attempting login with user 'invalidEmailFormat'
10:53:14 [TestNG-tests-1] INFO  Ecommerce.AbstractComponent.BasePage - Typed 'invalidEmailFormat' into element: By.id: userEmail
10:53:14 [TestNG-tests-1] INFO  Ecommerce.AbstractComponent.BasePage - Typed '[PROTECTED]' into element: By.id: userPassword
10:53:14 [TestNG-tests-1] INFO  Ecommerce.AbstractComponent.BasePage - Clicking element: By.id: login
10:53:14 [TestNG-tests-1] INFO  Ecommerce.AbstractComponent.BasePage - Clicked element: By.id: login
10:53:14 [TestNG-tests-1] INFO  Ecommerce.pageobjects.LoginPage - Login button clicked for user 'invalidEmailFormat'
10:53:14 [TestNG-tests-1] INFO  Ecommerce.pageobjects.LoginPage - Captured error message: '*Enter Valid Email'
10:53:14 [TestNG-tests-1] INFO  Ecommerce.pageobjects.LoginPage - We forcelly fail the funtion to take the screenshot : '*Enter Valid Email'
10:53:14 [TestNG-tests-1] ERROR Ecommerce.TestComponents.Listeners - Test failed: loginErrorValidationTest with exception expected [We forsely fail the funtion to take the screenshot] but found [*Enter Valid Email]
10:53:14 [TestNG-tests-1] INFO  Ecommerce.TestComponents.BaseTest - Screenshot saved at: C:\Users\Basharmal Safi\eclipse-workspace\Ecommerce-SFD//reports//screenshots//loginErrorValidationTest.png
10:53:14 [TestNG-tests-1] INFO  Ecommerce.TestComponents.Listeners - Screenshot captured and attached: screenshots/loginErrorValidationTest.png
]]></system-out>
  </testcase>
</testsuite>