<?xml version="1.0" encoding="UTF-8"?>
<testng-results retried="2" ignored="0" total="8" passed="5" failed="1" skipped="0">
  <reporter-output>
  </reporter-output>
  <suite started-at="2025-12-12T12:03:53 EST" name="Suite" finished-at="2025-12-12T12:04:29 EST" duration-ms="36010">
    <groups>
    </groups>
    <test started-at="2025-12-12T12:03:53 EST" name="MainTest" finished-at="2025-12-12T12:04:11 EST" duration-ms="17982">
      <class name="Ecommerce.StandAloneTest">
        <test-method is-config="true" signature="launchApplication()[pri:0, instance:Ecommerce.StandAloneTest@41beb473]" started-at="2025-12-12T12:03:53 EST" name="launchApplication" finished-at="2025-12-12T12:04:02 EST" duration-ms="8316" status="PASS">
          <reporter-output>
          </reporter-output>
        </test-method> <!-- launchApplication -->
        <test-method signature="submitOrderTest()[pri:0, instance:Ecommerce.StandAloneTest@41beb473]" started-at="2025-12-12T12:04:02 EST" name="submitOrderTest" finished-at="2025-12-12T12:04:11 EST" duration-ms="9150" status="PASS">
          <reporter-output>
          </reporter-output>
        </test-method> <!-- submitOrderTest -->
        <test-method is-config="true" signature="tearDown()[pri:0, instance:Ecommerce.StandAloneTest@41beb473]" started-at="2025-12-12T12:04:11 EST" name="tearDown" finished-at="2025-12-12T12:04:11 EST" duration-ms="442" status="PASS">
          <reporter-output>
          </reporter-output>
        </test-method> <!-- tearDown -->
      </class> <!-- Ecommerce.StandAloneTest -->
    </test> <!-- MainTest -->
    <test started-at="2025-12-12T12:03:53 EST" name="ScreenShootTest" finished-at="2025-12-12T12:04:17 EST" duration-ms="23984">
      <class name="Ecommerce.ScreenShootLoginErrorValidationTest">
        <test-method is-config="true" signature="launchApplication()[pri:0, instance:Ecommerce.ScreenShootLoginErrorValidationTest@669253b7]" started-at="2025-12-12T12:03:54 EST" name="launchApplication" finished-at="2025-12-12T12:04:02 EST" duration-ms="8309" status="PASS">
          <reporter-output>
          </reporter-output>
        </test-method> <!-- launchApplication -->
        <test-method retried="true" signature="loginErrorValidationTest(java.util.HashMap)[pri:0, instance:Ecommerce.ScreenShootLoginErrorValidationTest@669253b7]" started-at="2025-12-12T12:04:02 EST" name="loginErrorValidationTest" data-provider="loginErrorData" finished-at="2025-12-12T12:04:03 EST" duration-ms="670" status="SKIP">
          <params>
            <param index="0">
              <value>
                <![CDATA[{userPassword=SomePassword123, userEmail=invalidEmailFormat, expectedError=*Enter Valid Email, errorType=textbox}]]>
              </value>
            </param>
          </params>
          <exception class="java.lang.AssertionError">
            <message>
              <![CDATA[expected [We forsely fail the funtion to take the screenshot] but found [*Enter Valid Email]]]>
            </message>
            <full-stacktrace>
              <![CDATA[java.lang.AssertionError: expected [We forsely fail the funtion to take the screenshot] but found [*Enter Valid Email]
at org.testng.Assert.fail(Assert.java:111)
at org.testng.Assert.failNotEquals(Assert.java:1590)
at org.testng.Assert.assertEqualsImpl(Assert.java:150)
at org.testng.Assert.assertEquals(Assert.java:132)
at org.testng.Assert.assertEquals(Assert.java:656)
at org.testng.Assert.assertEquals(Assert.java:666)
at Ecommerce.ScreenShootLoginErrorValidationTest.loginErrorValidationTest(ScreenShootLoginErrorValidationTest.java:76)
at java.base/jdk.internal.reflect.DirectMethodHandleAccessor.invoke(DirectMethodHandleAccessor.java:103)
at java.base/java.lang.reflect.Method.invoke(Method.java:580)
at org.testng.internal.invokers.MethodInvocationHelper.invokeMethod(MethodInvocationHelper.java:141)
at org.testng.internal.invokers.TestInvoker.invokeMethod(TestInvoker.java:687)
at org.testng.internal.invokers.TestInvoker.invokeTestMethod(TestInvoker.java:230)
at org.testng.internal.invokers.MethodRunner.runInSequence(MethodRunner.java:63)
at org.testng.internal.invokers.TestInvoker$MethodInvocationAgent.invoke(TestInvoker.java:995)
at org.testng.internal.invokers.TestInvoker.invokeTestMethods(TestInvoker.java:203)
at org.testng.internal.invokers.TestMethodWorker.invokeTestMethods(TestMethodWorker.java:154)
at org.testng.internal.invokers.TestMethodWorker.run(TestMethodWorker.java:134)
at java.base/java.util.ArrayList.forEach(ArrayList.java:1596)
at org.testng.TestRunner.privateRun(TestRunner.java:741)
at org.testng.TestRunner.run(TestRunner.java:616)
at org.testng.SuiteRunner.runTest(SuiteRunner.java:421)
at org.testng.SuiteRunner$SuiteWorker.run(SuiteRunner.java:463)
at org.testng.internal.thread.ThreadUtil.lambda$execute$0(ThreadUtil.java:64)
at java.base/java.util.concurrent.FutureTask.run(FutureTask.java:317)
at java.base/java.util.concurrent.ThreadPoolExecutor.runWorker(ThreadPoolExecutor.java:1144)
at java.base/java.util.concurrent.ThreadPoolExecutor$Worker.run(ThreadPoolExecutor.java:642)
at java.base/java.lang.Thread.run(Thread.java:1583)
]]>
            </full-stacktrace>
          </exception> <!-- java.lang.AssertionError -->
          <reporter-output>
          </reporter-output>
        </test-method> <!-- loginErrorValidationTest -->
        <test-method is-config="true" signature="tearDown()[pri:0, instance:Ecommerce.ScreenShootLoginErrorValidationTest@669253b7]" started-at="2025-12-12T12:04:03 EST" name="tearDown" finished-at="2025-12-12T12:04:03 EST" duration-ms="232" status="PASS">
          <reporter-output>
          </reporter-output>
        </test-method> <!-- tearDown -->
        <test-method is-config="true" signature="launchApplication()[pri:0, instance:Ecommerce.ScreenShootLoginErrorValidationTest@669253b7]" started-at="2025-12-12T12:04:03 EST" name="launchApplication" finished-at="2025-12-12T12:04:09 EST" duration-ms="6232" status="PASS">
          <reporter-output>
          </reporter-output>
        </test-method> <!-- launchApplication -->
        <test-method retried="true" signature="loginErrorValidationTest(java.util.HashMap)[pri:0, instance:Ecommerce.ScreenShootLoginErrorValidationTest@669253b7]" started-at="2025-12-12T12:04:09 EST" name="loginErrorValidationTest" data-provider="loginErrorData" finished-at="2025-12-12T12:04:10 EST" duration-ms="449" status="SKIP">
          <params>
            <param index="0">
              <value>
                <![CDATA[{userPassword=SomePassword123, userEmail=invalidEmailFormat, expectedError=*Enter Valid Email, errorType=textbox}]]>
              </value>
            </param>
          </params>
          <exception class="java.lang.AssertionError">
            <message>
              <![CDATA[expected [We forsely fail the funtion to take the screenshot] but found [*Enter Valid Email]]]>
            </message>
            <full-stacktrace>
              <![CDATA[java.lang.AssertionError: expected [We forsely fail the funtion to take the screenshot] but found [*Enter Valid Email]
at org.testng.Assert.fail(Assert.java:111)
at org.testng.Assert.failNotEquals(Assert.java:1590)
at org.testng.Assert.assertEqualsImpl(Assert.java:150)
at org.testng.Assert.assertEquals(Assert.java:132)
at org.testng.Assert.assertEquals(Assert.java:656)
at org.testng.Assert.assertEquals(Assert.java:666)
at Ecommerce.ScreenShootLoginErrorValidationTest.loginErrorValidationTest(ScreenShootLoginErrorValidationTest.java:76)
at java.base/jdk.internal.reflect.DirectMethodHandleAccessor.invoke(DirectMethodHandleAccessor.java:103)
at java.base/java.lang.reflect.Method.invoke(Method.java:580)
at org.testng.internal.invokers.MethodInvocationHelper.invokeMethod(MethodInvocationHelper.java:141)
at org.testng.internal.invokers.TestInvoker.invokeMethod(TestInvoker.java:687)
at org.testng.internal.invokers.TestInvoker.retryFailed(TestInvoker.java:269)
at org.testng.internal.invokers.MethodRunner.runInSequence(MethodRunner.java:76)
at org.testng.internal.invokers.TestInvoker$MethodInvocationAgent.invoke(TestInvoker.java:995)
at org.testng.internal.invokers.TestInvoker.invokeTestMethods(TestInvoker.java:203)
at org.testng.internal.invokers.TestMethodWorker.invokeTestMethods(TestMethodWorker.java:154)
at org.testng.internal.invokers.TestMethodWorker.run(TestMethodWorker.java:134)
at java.base/java.util.ArrayList.forEach(ArrayList.java:1596)
at org.testng.TestRunner.privateRun(TestRunner.java:741)
at org.testng.TestRunner.run(TestRunner.java:616)
at org.testng.SuiteRunner.runTest(SuiteRunner.java:421)
at org.testng.SuiteRunner$SuiteWorker.run(SuiteRunner.java:463)
at org.testng.internal.thread.ThreadUtil.lambda$execute$0(ThreadUtil.java:64)
at java.base/java.util.concurrent.FutureTask.run(FutureTask.java:317)
at java.base/java.util.concurrent.ThreadPoolExecutor.runWorker(ThreadPoolExecutor.java:1144)
at java.base/java.util.concurrent.ThreadPoolExecutor$Worker.run(ThreadPoolExecutor.java:642)
at java.base/java.lang.Thread.run(Thread.java:1583)
]]>
            </full-stacktrace>
          </exception> <!-- java.lang.AssertionError -->
          <reporter-output>
          </reporter-output>
        </test-method> <!-- loginErrorValidationTest -->
        <test-method is-config="true" signature="tearDown()[pri:0, instance:Ecommerce.ScreenShootLoginErrorValidationTest@669253b7]" started-at="2025-12-12T12:04:10 EST" name="tearDown" finished-at="2025-12-12T12:04:10 EST" duration-ms="262" status="PASS">
          <reporter-output>
          </reporter-output>
        </test-method> <!-- tearDown -->
        <test-method is-config="true" signature="launchApplication()[pri:0, instance:Ecommerce.ScreenShootLoginErrorValidationTest@669253b7]" started-at="2025-12-12T12:04:10 EST" name="launchApplication" finished-at="2025-12-12T12:04:16 EST" duration-ms="6401" status="PASS">
          <reporter-output>
          </reporter-output>
        </test-method> <!-- launchApplication -->
        <test-method signature="loginErrorValidationTest(java.util.HashMap)[pri:0, instance:Ecommerce.ScreenShootLoginErrorValidationTest@669253b7]" started-at="2025-12-12T12:04:16 EST" name="loginErrorValidationTest" data-provider="loginErrorData" finished-at="2025-12-12T12:04:17 EST" duration-ms="443" status="FAIL">
          <params>
            <param index="0">
              <value>
                <![CDATA[{userPassword=SomePassword123, userEmail=invalidEmailFormat, expectedError=*Enter Valid Email, errorType=textbox}]]>
              </value>
            </param>
          </params>
          <exception class="java.lang.AssertionError">
            <message>
              <![CDATA[expected [We forsely fail the funtion to take the screenshot] but found [*Enter Valid Email]]]>
            </message>
            <full-stacktrace>
              <![CDATA[java.lang.AssertionError: expected [We forsely fail the funtion to take the screenshot] but found [*Enter Valid Email]
at org.testng.Assert.fail(Assert.java:111)
at org.testng.Assert.failNotEquals(Assert.java:1590)
at org.testng.Assert.assertEqualsImpl(Assert.java:150)
at org.testng.Assert.assertEquals(Assert.java:132)
at org.testng.Assert.assertEquals(Assert.java:656)
at org.testng.Assert.assertEquals(Assert.java:666)
at Ecommerce.ScreenShootLoginErrorValidationTest.loginErrorValidationTest(ScreenShootLoginErrorValidationTest.java:76)
at java.base/jdk.internal.reflect.DirectMethodHandleAccessor.invoke(DirectMethodHandleAccessor.java:103)
at java.base/java.lang.reflect.Method.invoke(Method.java:580)
at org.testng.internal.invokers.MethodInvocationHelper.invokeMethod(MethodInvocationHelper.java:141)
at org.testng.internal.invokers.TestInvoker.invokeMethod(TestInvoker.java:687)
at org.testng.internal.invokers.TestInvoker.retryFailed(TestInvoker.java:269)
at org.testng.internal.invokers.MethodRunner.runInSequence(MethodRunner.java:76)
at org.testng.internal.invokers.TestInvoker$MethodInvocationAgent.invoke(TestInvoker.java:995)
at org.testng.internal.invokers.TestInvoker.invokeTestMethods(TestInvoker.java:203)
at org.testng.internal.invokers.TestMethodWorker.invokeTestMethods(TestMethodWorker.java:154)
at org.testng.internal.invokers.TestMethodWorker.run(TestMethodWorker.java:134)
at java.base/java.util.ArrayList.forEach(ArrayList.java:1596)
at org.testng.TestRunner.privateRun(TestRunner.java:741)
at org.testng.TestRunner.run(TestRunner.java:616)
at org.testng.SuiteRunner.runTest(SuiteRunner.java:421)
at org.testng.SuiteRunner$SuiteWorker.run(SuiteRunner.java:463)
at org.testng.internal.thread.ThreadUtil.lambda$execute$0(ThreadUtil.java:64)
at java.base/java.util.concurrent.FutureTask.run(FutureTask.java:317)
at java.base/java.util.concurrent.ThreadPoolExecutor.runWorker(ThreadPoolExecutor.java:1144)
at java.base/java.util.concurrent.ThreadPoolExecutor$Worker.run(ThreadPoolExecutor.java:642)
at java.base/java.lang.Thread.run(Thread.java:1583)
]]>
            </full-stacktrace>
          </exception> <!-- java.lang.AssertionError -->
          <reporter-output>
          </reporter-output>
        </test-method> <!-- loginErrorValidationTest -->
        <test-method is-config="true" signature="tearDown()[pri:0, instance:Ecommerce.ScreenShootLoginErrorValidationTest@669253b7]" started-at="2025-12-12T12:04:17 EST" name="tearDown" finished-at="2025-12-12T12:04:17 EST" duration-ms="197" status="PASS">
          <reporter-output>
          </reporter-output>
        </test-method> <!-- tearDown -->
      </class> <!-- Ecommerce.ScreenShootLoginErrorValidationTest -->
    </test> <!-- ScreenShootTest -->
    <test started-at="2025-12-12T12:03:53 EST" name="ErrorValidation" finished-at="2025-12-12T12:04:29 EST" duration-ms="36010">
      <class name="Ecommerce.LoginErrorValidationTest">
        <test-method is-config="true" signature="launchApplication()[pri:0, instance:Ecommerce.LoginErrorValidationTest@20312893]" started-at="2025-12-12T12:03:54 EST" name="launchApplication" finished-at="2025-12-12T12:04:02 EST" duration-ms="8306" status="PASS">
          <reporter-output>
          </reporter-output>
        </test-method> <!-- launchApplication -->
        <test-method signature="loginErrorValidationTest(java.util.HashMap)[pri:0, instance:Ecommerce.LoginErrorValidationTest@20312893]" started-at="2025-12-12T12:04:02 EST" name="loginErrorValidationTest" data-provider="loginErrorData" finished-at="2025-12-12T12:04:03 EST" duration-ms="1215" status="PASS">
          <params>
            <param index="0">
              <value>
                <![CDATA[{userPassword=R@hulshetty.123644444, userEmail=usman.basharmal123@gmail.com, expectedError=Incorrect email or password., errorType=flyinOut}]]>
              </value>
            </param>
          </params>
          <reporter-output>
          </reporter-output>
        </test-method> <!-- loginErrorValidationTest -->
        <test-method is-config="true" signature="tearDown()[pri:0, instance:Ecommerce.LoginErrorValidationTest@20312893]" started-at="2025-12-12T12:04:03 EST" name="tearDown" finished-at="2025-12-12T12:04:03 EST" duration-ms="221" status="PASS">
          <reporter-output>
          </reporter-output>
        </test-method> <!-- tearDown -->
        <test-method is-config="true" signature="launchApplication()[pri:0, instance:Ecommerce.LoginErrorValidationTest@20312893]" started-at="2025-12-12T12:04:03 EST" name="launchApplication" finished-at="2025-12-12T12:04:10 EST" duration-ms="6682" status="PASS">
          <reporter-output>
          </reporter-output>
        </test-method> <!-- launchApplication -->
        <test-method signature="loginErrorValidationTest(java.util.HashMap)[pri:0, instance:Ecommerce.LoginErrorValidationTest@20312893]" started-at="2025-12-12T12:04:10 EST" name="loginErrorValidationTest" data-provider="loginErrorData" finished-at="2025-12-12T12:04:11 EST" duration-ms="721" status="PASS">
          <params>
            <param index="0">
              <value>
                <![CDATA[{userPassword=, userEmail=, expectedError=*Email is required, errorType=textbox}]]>
              </value>
            </param>
          </params>
          <reporter-output>
          </reporter-output>
        </test-method> <!-- loginErrorValidationTest -->
        <test-method is-config="true" signature="tearDown()[pri:0, instance:Ecommerce.LoginErrorValidationTest@20312893]" started-at="2025-12-12T12:04:11 EST" name="tearDown" finished-at="2025-12-12T12:04:11 EST" duration-ms="439" status="PASS">
          <reporter-output>
          </reporter-output>
        </test-method> <!-- tearDown -->
        <test-method is-config="true" signature="launchApplication()[pri:0, instance:Ecommerce.LoginErrorValidationTest@20312893]" started-at="2025-12-12T12:04:11 EST" name="launchApplication" finished-at="2025-12-12T12:04:17 EST" duration-ms="5983" status="PASS">
          <reporter-output>
          </reporter-output>
        </test-method> <!-- launchApplication -->
        <test-method signature="loginErrorValidationTest(java.util.HashMap)[pri:0, instance:Ecommerce.LoginErrorValidationTest@20312893]" started-at="2025-12-12T12:04:17 EST" name="loginErrorValidationTest" data-provider="loginErrorData" finished-at="2025-12-12T12:04:18 EST" duration-ms="399" status="PASS">
          <params>
            <param index="0">
              <value>
                <![CDATA[{userPassword=SomePassword123, userEmail=invalidEmailFormat, expectedError=*Enter Valid Email, errorType=textbox}]]>
              </value>
            </param>
          </params>
          <reporter-output>
          </reporter-output>
        </test-method> <!-- loginErrorValidationTest -->
        <test-method is-config="true" signature="tearDown()[pri:0, instance:Ecommerce.LoginErrorValidationTest@20312893]" started-at="2025-12-12T12:04:18 EST" name="tearDown" finished-at="2025-12-12T12:04:18 EST" duration-ms="166" status="PASS">
          <reporter-output>
          </reporter-output>
        </test-method> <!-- tearDown -->
      </class> <!-- Ecommerce.LoginErrorValidationTest -->
      <class name="Ecommerce.ProductErrorValidationTest">
        <test-method is-config="true" signature="launchApplication()[pri:0, instance:Ecommerce.ProductErrorValidationTest@70eecdc2]" started-at="2025-12-12T12:04:18 EST" name="launchApplication" finished-at="2025-12-12T12:04:24 EST" duration-ms="6602" status="PASS">
          <reporter-output>
          </reporter-output>
        </test-method> <!-- launchApplication -->
        <test-method signature="productErrorValidationTest()[pri:0, instance:Ecommerce.ProductErrorValidationTest@70eecdc2]" started-at="2025-12-12T12:04:24 EST" name="productErrorValidationTest" finished-at="2025-12-12T12:04:29 EST" duration-ms="4724" status="PASS">
          <reporter-output>
          </reporter-output>
        </test-method> <!-- productErrorValidationTest -->
        <test-method is-config="true" signature="tearDown()[pri:0, instance:Ecommerce.ProductErrorValidationTest@70eecdc2]" started-at="2025-12-12T12:04:29 EST" name="tearDown" finished-at="2025-12-12T12:04:29 EST" duration-ms="214" status="PASS">
          <reporter-output>
          </reporter-output>
        </test-method> <!-- tearDown -->
      </class> <!-- Ecommerce.ProductErrorValidationTest -->
    </test> <!-- ErrorValidation -->
  </suite> <!-- Suite -->
</testng-results>
