<?xml version="1.0" encoding="UTF-8"?>
<testng-results retried="2" ignored="0" total="7" passed="4" failed="1" skipped="0">
  <reporter-output>
  </reporter-output>
  <suite started-at="2025-12-12T09:58:13 EST" name="Suite" finished-at="2025-12-12T09:58:38 EST" duration-ms="25337">
    <groups>
    </groups>
    <test started-at="2025-12-12T09:58:13 EST" name="MainTest" finished-at="2025-12-12T09:58:34 EST" duration-ms="20936">
      <class name="Ecommerce.StandAloneTest">
        <test-method is-config="true" signature="launchApplication()[pri:0, instance:Ecommerce.StandAloneTest@41beb473]" started-at="2025-12-12T09:58:13 EST" name="launchApplication" finished-at="2025-12-12T09:58:24 EST" duration-ms="11707" status="PASS">
          <reporter-output>
          </reporter-output>
        </test-method> <!-- launchApplication -->
        <test-method signature="submitOrderTest()[pri:0, instance:Ecommerce.StandAloneTest@41beb473]" started-at="2025-12-12T09:58:24 EST" name="submitOrderTest" finished-at="2025-12-12T09:58:33 EST" duration-ms="8866" status="PASS">
          <reporter-output>
          </reporter-output>
        </test-method> <!-- submitOrderTest -->
        <test-method is-config="true" signature="tearDown()[pri:0, instance:Ecommerce.StandAloneTest@41beb473]" started-at="2025-12-12T09:58:33 EST" name="tearDown" finished-at="2025-12-12T09:58:34 EST" duration-ms="293" status="PASS">
          <reporter-output>
          </reporter-output>
        </test-method> <!-- tearDown -->
      </class> <!-- Ecommerce.StandAloneTest -->
    </test> <!-- MainTest -->
    <test started-at="2025-12-12T09:58:13 EST" name="ErrorValidation" finished-at="2025-12-12T09:58:38 EST" duration-ms="24991">
      <class name="Ecommerce.LoginErrorValidationTest">
        <test-method is-config="true" signature="launchApplication()[pri:0, instance:Ecommerce.LoginErrorValidationTest@4e9658b5]" started-at="2025-12-12T09:58:13 EST" name="launchApplication" finished-at="2025-12-12T09:58:24 EST" duration-ms="10567" status="PASS">
          <reporter-output>
          </reporter-output>
        </test-method> <!-- launchApplication -->
        <test-method signature="loginErrorValidationTest(java.util.HashMap)[pri:0, instance:Ecommerce.LoginErrorValidationTest@4e9658b5]" started-at="2025-12-12T09:58:24 EST" name="loginErrorValidationTest" data-provider="loginErrorData" finished-at="2025-12-12T09:58:25 EST" duration-ms="1037" status="PASS">
          <params>
            <param index="0">
              <value>
                <![CDATA[{userPassword=R@hulshetty.123644444, userEmail=usman.basharmal123@gmail.com, expectedError=Incorrect email or password., errorType=flyinOut}]]>
              </value>
            </param>
          </params>
          <reporter-output>
          </reporter-output>
        </test-method> <!-- loginErrorValidationTest -->
        <test-method is-config="true" signature="tearDown()[pri:0, instance:Ecommerce.LoginErrorValidationTest@4e9658b5]" started-at="2025-12-12T09:58:25 EST" name="tearDown" finished-at="2025-12-12T09:58:25 EST" duration-ms="429" status="PASS">
          <reporter-output>
          </reporter-output>
        </test-method> <!-- tearDown -->
        <test-method is-config="true" signature="launchApplication()[pri:0, instance:Ecommerce.LoginErrorValidationTest@4e9658b5]" started-at="2025-12-12T09:58:25 EST" name="launchApplication" finished-at="2025-12-12T09:58:30 EST" duration-ms="5303" status="PASS">
          <reporter-output>
          </reporter-output>
        </test-method> <!-- launchApplication -->
        <test-method signature="loginErrorValidationTest(java.util.HashMap)[pri:0, instance:Ecommerce.LoginErrorValidationTest@4e9658b5]" started-at="2025-12-12T09:58:30 EST" name="loginErrorValidationTest" data-provider="loginErrorData" finished-at="2025-12-12T09:58:31 EST" duration-ms="429" status="PASS">
          <params>
            <param index="0">
              <value>
                <![CDATA[{userPassword=, userEmail=, expectedError=*Email is required, errorType=textbox}]]>
              </value>
            </param>
          </params>
          <reporter-output>
          </reporter-output>
        </test-method> <!-- loginErrorValidationTest -->
        <test-method is-config="true" signature="tearDown()[pri:0, instance:Ecommerce.LoginErrorValidationTest@4e9658b5]" started-at="2025-12-12T09:58:31 EST" name="tearDown" finished-at="2025-12-12T09:58:31 EST" duration-ms="266" status="PASS">
          <reporter-output>
          </reporter-output>
        </test-method> <!-- tearDown -->
        <test-method is-config="true" signature="launchApplication()[pri:0, instance:Ecommerce.LoginErrorValidationTest@4e9658b5]" started-at="2025-12-12T09:58:31 EST" name="launchApplication" finished-at="2025-12-12T09:58:37 EST" duration-ms="5899" status="PASS">
          <reporter-output>
          </reporter-output>
        </test-method> <!-- launchApplication -->
        <test-method signature="loginErrorValidationTest(java.util.HashMap)[pri:0, instance:Ecommerce.LoginErrorValidationTest@4e9658b5]" started-at="2025-12-12T09:58:37 EST" name="loginErrorValidationTest" data-provider="loginErrorData" finished-at="2025-12-12T09:58:37 EST" duration-ms="518" status="PASS">
          <params>
            <param index="0">
              <value>
                <![CDATA[{userPassword=SomePassword123, userEmail=invalidEmailFormat, expectedError=*Enter Valid Email, errorType=textbox}]]>
              </value>
            </param>
          </params>
          <reporter-output>
          </reporter-output>
        </test-method> <!-- loginErrorValidationTest -->
        <test-method is-config="true" signature="tearDown()[pri:0, instance:Ecommerce.LoginErrorValidationTest@4e9658b5]" started-at="2025-12-12T09:58:37 EST" name="tearDown" finished-at="2025-12-12T09:58:38 EST" duration-ms="185" status="PASS">
          <reporter-output>
          </reporter-output>
        </test-method> <!-- tearDown -->
      </class> <!-- Ecommerce.LoginErrorValidationTest -->
    </test> <!-- ErrorValidation -->
    <test started-at="2025-12-12T09:58:13 EST" name="ScreenShootTest" finished-at="2025-12-12T09:58:38 EST" duration-ms="25333">
      <class name="Ecommerce.ScreenShootLoginErrorValidationTest">
        <test-method is-config="true" signature="launchApplication()[pri:0, instance:Ecommerce.ScreenShootLoginErrorValidationTest@70eecdc2]" started-at="2025-12-12T09:58:13 EST" name="launchApplication" finished-at="2025-12-12T09:58:19 EST" duration-ms="5971" status="PASS">
          <reporter-output>
          </reporter-output>
        </test-method> <!-- launchApplication -->
        <test-method retried="true" signature="loginErrorValidationTest(java.util.HashMap)[pri:0, instance:Ecommerce.ScreenShootLoginErrorValidationTest@70eecdc2]" started-at="2025-12-12T09:58:19 EST" name="loginErrorValidationTest" data-provider="loginErrorData" finished-at="2025-12-12T09:58:23 EST" duration-ms="4276" status="SKIP">
          <params>
            <param index="0">
              <value>
                <![CDATA[{userPassword=SomePassword123, userEmail=invalidEmailFormat, expectedError=*Enter Valid Email, errorType=textbox}]]>
              </value>
            </param>
          </params>
          <exception class="java.lang.AssertionError">
            <message>
              <![CDATA[expected [We forsely fail the funtion to take the screenshot] but found [*Enter Valid Email]]]>
            </message>
            <full-stacktrace>
              <![CDATA[java.lang.AssertionError: expected [We forsely fail the funtion to take the screenshot] but found [*Enter Valid Email]
at org.testng.Assert.fail(Assert.java:111)
at org.testng.Assert.failNotEquals(Assert.java:1590)
at org.testng.Assert.assertEqualsImpl(Assert.java:150)
at org.testng.Assert.assertEquals(Assert.java:132)
at org.testng.Assert.assertEquals(Assert.java:656)
at org.testng.Assert.assertEquals(Assert.java:666)
at Ecommerce.ScreenShootLoginErrorValidationTest.loginErrorValidationTest(ScreenShootLoginErrorValidationTest.java:76)
at java.base/jdk.internal.reflect.DirectMethodHandleAccessor.invoke(DirectMethodHandleAccessor.java:103)
at java.base/java.lang.reflect.Method.invoke(Method.java:580)
at org.testng.internal.invokers.MethodInvocationHelper.invokeMethod(MethodInvocationHelper.java:141)
at org.testng.internal.invokers.TestInvoker.invokeMethod(TestInvoker.java:687)
at org.testng.internal.invokers.TestInvoker.invokeTestMethod(TestInvoker.java:230)
at org.testng.internal.invokers.MethodRunner.runInSequence(MethodRunner.java:63)
at org.testng.internal.invokers.TestInvoker$MethodInvocationAgent.invoke(TestInvoker.java:995)
at org.testng.internal.invokers.TestInvoker.invokeTestMethods(TestInvoker.java:203)
at org.testng.internal.invokers.TestMethodWorker.invokeTestMethods(TestMethodWorker.java:154)
at org.testng.internal.invokers.TestMethodWorker.run(TestMethodWorker.java:134)
at java.base/java.util.ArrayList.forEach(ArrayList.java:1596)
at org.testng.TestRunner.privateRun(TestRunner.java:741)
at org.testng.TestRunner.run(TestRunner.java:616)
at org.testng.SuiteRunner.runTest(SuiteRunner.java:421)
at org.testng.SuiteRunner$SuiteWorker.run(SuiteRunner.java:463)
at org.testng.internal.thread.ThreadUtil.lambda$execute$0(ThreadUtil.java:64)
at java.base/java.util.concurrent.FutureTask.run(FutureTask.java:317)
at java.base/java.util.concurrent.ThreadPoolExecutor.runWorker(ThreadPoolExecutor.java:1144)
at java.base/java.util.concurrent.ThreadPoolExecutor$Worker.run(ThreadPoolExecutor.java:642)
at java.base/java.lang.Thread.run(Thread.java:1583)
]]>
            </full-stacktrace>
          </exception> <!-- java.lang.AssertionError -->
          <reporter-output>
          </reporter-output>
        </test-method> <!-- loginErrorValidationTest -->
        <test-method is-config="true" signature="tearDown()[pri:0, instance:Ecommerce.ScreenShootLoginErrorValidationTest@70eecdc2]" started-at="2025-12-12T09:58:23 EST" name="tearDown" finished-at="2025-12-12T09:58:24 EST" duration-ms="238" status="PASS">
          <reporter-output>
          </reporter-output>
        </test-method> <!-- tearDown -->
        <test-method is-config="true" signature="launchApplication()[pri:0, instance:Ecommerce.ScreenShootLoginErrorValidationTest@70eecdc2]" started-at="2025-12-12T09:58:24 EST" name="launchApplication" finished-at="2025-12-12T09:58:30 EST" duration-ms="6150" status="PASS">
          <reporter-output>
          </reporter-output>
        </test-method> <!-- launchApplication -->
        <test-method retried="true" signature="loginErrorValidationTest(java.util.HashMap)[pri:0, instance:Ecommerce.ScreenShootLoginErrorValidationTest@70eecdc2]" started-at="2025-12-12T09:58:30 EST" name="loginErrorValidationTest" data-provider="loginErrorData" finished-at="2025-12-12T09:58:30 EST" duration-ms="408" status="SKIP">
          <params>
            <param index="0">
              <value>
                <![CDATA[{userPassword=SomePassword123, userEmail=invalidEmailFormat, expectedError=*Enter Valid Email, errorType=textbox}]]>
              </value>
            </param>
          </params>
          <exception class="java.lang.AssertionError">
            <message>
              <![CDATA[expected [We forsely fail the funtion to take the screenshot] but found [*Enter Valid Email]]]>
            </message>
            <full-stacktrace>
              <![CDATA[java.lang.AssertionError: expected [We forsely fail the funtion to take the screenshot] but found [*Enter Valid Email]
at org.testng.Assert.fail(Assert.java:111)
at org.testng.Assert.failNotEquals(Assert.java:1590)
at org.testng.Assert.assertEqualsImpl(Assert.java:150)
at org.testng.Assert.assertEquals(Assert.java:132)
at org.testng.Assert.assertEquals(Assert.java:656)
at org.testng.Assert.assertEquals(Assert.java:666)
at Ecommerce.ScreenShootLoginErrorValidationTest.loginErrorValidationTest(ScreenShootLoginErrorValidationTest.java:76)
at java.base/jdk.internal.reflect.DirectMethodHandleAccessor.invoke(DirectMethodHandleAccessor.java:103)
at java.base/java.lang.reflect.Method.invoke(Method.java:580)
at org.testng.internal.invokers.MethodInvocationHelper.invokeMethod(MethodInvocationHelper.java:141)
at org.testng.internal.invokers.TestInvoker.invokeMethod(TestInvoker.java:687)
at org.testng.internal.invokers.TestInvoker.retryFailed(TestInvoker.java:269)
at org.testng.internal.invokers.MethodRunner.runInSequence(MethodRunner.java:76)
at org.testng.internal.invokers.TestInvoker$MethodInvocationAgent.invoke(TestInvoker.java:995)
at org.testng.internal.invokers.TestInvoker.invokeTestMethods(TestInvoker.java:203)
at org.testng.internal.invokers.TestMethodWorker.invokeTestMethods(TestMethodWorker.java:154)
at org.testng.internal.invokers.TestMethodWorker.run(TestMethodWorker.java:134)
at java.base/java.util.ArrayList.forEach(ArrayList.java:1596)
at org.testng.TestRunner.privateRun(TestRunner.java:741)
at org.testng.TestRunner.run(TestRunner.java:616)
at org.testng.SuiteRunner.runTest(SuiteRunner.java:421)
at org.testng.SuiteRunner$SuiteWorker.run(SuiteRunner.java:463)
at org.testng.internal.thread.ThreadUtil.lambda$execute$0(ThreadUtil.java:64)
at java.base/java.util.concurrent.FutureTask.run(FutureTask.java:317)
at java.base/java.util.concurrent.ThreadPoolExecutor.runWorker(ThreadPoolExecutor.java:1144)
at java.base/java.util.concurrent.ThreadPoolExecutor$Worker.run(ThreadPoolExecutor.java:642)
at java.base/java.lang.Thread.run(Thread.java:1583)
]]>
            </full-stacktrace>
          </exception> <!-- java.lang.AssertionError -->
          <reporter-output>
          </reporter-output>
        </test-method> <!-- loginErrorValidationTest -->
        <test-method is-config="true" signature="tearDown()[pri:0, instance:Ecommerce.ScreenShootLoginErrorValidationTest@70eecdc2]" started-at="2025-12-12T09:58:30 EST" name="tearDown" finished-at="2025-12-12T09:58:30 EST" duration-ms="257" status="PASS">
          <reporter-output>
          </reporter-output>
        </test-method> <!-- tearDown -->
        <test-method is-config="true" signature="launchApplication()[pri:0, instance:Ecommerce.ScreenShootLoginErrorValidationTest@70eecdc2]" started-at="2025-12-12T09:58:30 EST" name="launchApplication" finished-at="2025-12-12T09:58:37 EST" duration-ms="6558" status="PASS">
          <reporter-output>
          </reporter-output>
        </test-method> <!-- launchApplication -->
        <test-method signature="loginErrorValidationTest(java.util.HashMap)[pri:0, instance:Ecommerce.ScreenShootLoginErrorValidationTest@70eecdc2]" started-at="2025-12-12T09:58:37 EST" name="loginErrorValidationTest" data-provider="loginErrorData" finished-at="2025-12-12T09:58:37 EST" duration-ms="528" status="FAIL">
          <params>
            <param index="0">
              <value>
                <![CDATA[{userPassword=SomePassword123, userEmail=invalidEmailFormat, expectedError=*Enter Valid Email, errorType=textbox}]]>
              </value>
            </param>
          </params>
          <exception class="java.lang.AssertionError">
            <message>
              <![CDATA[expected [We forsely fail the funtion to take the screenshot] but found [*Enter Valid Email]]]>
            </message>
            <full-stacktrace>
              <![CDATA[java.lang.AssertionError: expected [We forsely fail the funtion to take the screenshot] but found [*Enter Valid Email]
at org.testng.Assert.fail(Assert.java:111)
at org.testng.Assert.failNotEquals(Assert.java:1590)
at org.testng.Assert.assertEqualsImpl(Assert.java:150)
at org.testng.Assert.assertEquals(Assert.java:132)
at org.testng.Assert.assertEquals(Assert.java:656)
at org.testng.Assert.assertEquals(Assert.java:666)
at Ecommerce.ScreenShootLoginErrorValidationTest.loginErrorValidationTest(ScreenShootLoginErrorValidationTest.java:76)
at java.base/jdk.internal.reflect.DirectMethodHandleAccessor.invoke(DirectMethodHandleAccessor.java:103)
at java.base/java.lang.reflect.Method.invoke(Method.java:580)
at org.testng.internal.invokers.MethodInvocationHelper.invokeMethod(MethodInvocationHelper.java:141)
at org.testng.internal.invokers.TestInvoker.invokeMethod(TestInvoker.java:687)
at org.testng.internal.invokers.TestInvoker.retryFailed(TestInvoker.java:269)
at org.testng.internal.invokers.MethodRunner.runInSequence(MethodRunner.java:76)
at org.testng.internal.invokers.TestInvoker$MethodInvocationAgent.invoke(TestInvoker.java:995)
at org.testng.internal.invokers.TestInvoker.invokeTestMethods(TestInvoker.java:203)
at org.testng.internal.invokers.TestMethodWorker.invokeTestMethods(TestMethodWorker.java:154)
at org.testng.internal.invokers.TestMethodWorker.run(TestMethodWorker.java:134)
at java.base/java.util.ArrayList.forEach(ArrayList.java:1596)
at org.testng.TestRunner.privateRun(TestRunner.java:741)
at org.testng.TestRunner.run(TestRunner.java:616)
at org.testng.SuiteRunner.runTest(SuiteRunner.java:421)
at org.testng.SuiteRunner$SuiteWorker.run(SuiteRunner.java:463)
at org.testng.internal.thread.ThreadUtil.lambda$execute$0(ThreadUtil.java:64)
at java.base/java.util.concurrent.FutureTask.run(FutureTask.java:317)
at java.base/java.util.concurrent.ThreadPoolExecutor.runWorker(ThreadPoolExecutor.java:1144)
at java.base/java.util.concurrent.ThreadPoolExecutor$Worker.run(ThreadPoolExecutor.java:642)
at java.base/java.lang.Thread.run(Thread.java:1583)
]]>
            </full-stacktrace>
          </exception> <!-- java.lang.AssertionError -->
          <reporter-output>
          </reporter-output>
        </test-method> <!-- loginErrorValidationTest -->
        <test-method is-config="true" signature="tearDown()[pri:0, instance:Ecommerce.ScreenShootLoginErrorValidationTest@70eecdc2]" started-at="2025-12-12T09:58:38 EST" name="tearDown" finished-at="2025-12-12T09:58:38 EST" duration-ms="181" status="PASS">
          <reporter-output>
          </reporter-output>
        </test-method> <!-- tearDown -->
      </class> <!-- Ecommerce.ScreenShootLoginErrorValidationTest -->
    </test> <!-- ScreenShootTest -->
  </suite> <!-- Suite -->
</testng-results>
