<?xml version="1.0" encoding="UTF-8"?>
<!-- Generated by org.testng.reporters.JUnitReportReporter -->
<testsuite hostname="DESKTOP-A0EAS6T" failures="0" tests="3" name="Ecommerce.LoginErrorValidationTest" time="24.132" errors="0" timestamp="2025-12-12T12:04:30 EST" skipped="0">
  <testcase classname="Ecommerce.LoginErrorValidationTest" name="loginErrorValidationTest" time="7.520"/>
  <testcase classname="Ecommerce.LoginErrorValidationTest" name="loginErrorValidationTest" time="7.364"/>
  <testcase classname="Ecommerce.LoginErrorValidationTest" name="loginErrorValidationTest" time="9.248"/>
</testsuite> <!-- Ecommerce.LoginErrorValidationTest -->
