<?xml version="1.0" encoding="UTF-8"?>
<!-- Generated by org.testng.reporters.JUnitReportReporter -->
<testsuite hostname="DESKTOP-A0EAS6T" failures="0" tests="3" name="Ecommerce.LoginErrorValidationTest" time="24.633" errors="0" timestamp="2025-12-12T09:58:38 EST" skipped="0">
  <testcase classname="Ecommerce.LoginErrorValidationTest" name="loginErrorValidationTest" time="6.594"/>
  <testcase classname="Ecommerce.LoginErrorValidationTest" name="loginErrorValidationTest" time="6.250"/>
  <testcase classname="Ecommerce.LoginErrorValidationTest" name="loginErrorValidationTest" time="11.789"/>
</testsuite> <!-- Ecommerce.LoginErrorValidationTest -->
