<?xml version="1.0" encoding="UTF-8"?>
<!-- Generated by org.testng.reporters.JUnitReportReporter -->
<testsuite hostname="DESKTOP-A0EAS6T" failures="0" tests="3" name="Ecommerce.LoginErrorValidationTest" time="29.128" errors="0" timestamp="2025-12-12T12:29:35 EST" skipped="0">
  <testcase classname="Ecommerce.LoginErrorValidationTest" name="loginErrorValidationTest" time="7.838"/>
  <testcase classname="Ecommerce.LoginErrorValidationTest" name="loginErrorValidationTest" time="13.090"/>
  <testcase classname="Ecommerce.LoginErrorValidationTest" name="loginErrorValidationTest" time="8.200"/>
</testsuite> <!-- Ecommerce.LoginErrorValidationTest -->
